opcode:0x13(addi), dest:2, src:2, imm:4080
pc=          0x100004
x00(zero)=               0x0, x01( ra )=               0x0, x02( sp )=         0x8000ff0, x03( gp )=               0x0
x04( tp )=               0x0, x05( t0 )=               0x0, x06( t1 )=               0x0, x07( t2 )=               0x0
x08( s0 )=               0x0, x09( s1 )=               0x0, x10( a0 )=               0x0, x11( a1 )=               0x0
x12( a2 )=               0x0, x13( a3 )=               0x0, x14( a4 )=               0x0, x15( a5 )=               0x0
x16( a6 )=               0x0, x17( a7 )=               0x0, x18( s2 )=               0x0, x19( s3 )=               0x0
x20( s4 )=               0x0, x21( s5 )=               0x0, x22( s6 )=               0x0, x23( s7 )=               0x0
x24( s8 )=               0x0, x25( s9 )=               0x0, x26( s10)=               0x0, x27( s11)=               0x0
x28( t3 )=               0x0, x29( t4 )=               0x0, x30( t5 )=               0x0, x31( t6 )=               0x0
----
opcode:0x23(s?), offset:8, base:2, src:1
pc=          0x100008
x00(zero)=               0x0, x01( ra )=               0x0, x02( sp )=         0x8000ff0, x03( gp )=               0x0
x04( tp )=               0x0, x05( t0 )=               0x0, x06( t1 )=               0x0, x07( t2 )=               0x0
x08( s0 )=               0x0, x09( s1 )=               0x0, x10( a0 )=               0x0, x11( a1 )=               0x0
x12( a2 )=               0x0, x13( a3 )=               0x0, x14( a4 )=               0x0, x15( a5 )=               0x0
x16( a6 )=               0x0, x17( a7 )=               0x0, x18( s2 )=               0x0, x19( s3 )=               0x0
x20( s4 )=               0x0, x21( s5 )=               0x0, x22( s6 )=               0x0, x23( s7 )=               0x0
x24( s8 )=               0x0, x25( s9 )=               0x0, x26( s10)=               0x0, x27( s11)=               0x0
x28( t3 )=               0x0, x29( t4 )=               0x0, x30( t5 )=               0x0, x31( t6 )=               0x0
----
opcode:0x23(s?), offset:0, base:2, src:8
pc=          0x10000c
x00(zero)=               0x0, x01( ra )=               0x0, x02( sp )=         0x8000ff0, x03( gp )=               0x0
x04( tp )=               0x0, x05( t0 )=               0x0, x06( t1 )=               0x0, x07( t2 )=               0x0
x08( s0 )=               0x0, x09( s1 )=               0x0, x10( a0 )=               0x0, x11( a1 )=               0x0
x12( a2 )=               0x0, x13( a3 )=               0x0, x14( a4 )=               0x0, x15( a5 )=               0x0
x16( a6 )=               0x0, x17( a7 )=               0x0, x18( s2 )=               0x0, x19( s3 )=               0x0
x20( s4 )=               0x0, x21( s5 )=               0x0, x22( s6 )=               0x0, x23( s7 )=               0x0
x24( s8 )=               0x0, x25( s9 )=               0x0, x26( s10)=               0x0, x27( s11)=               0x0
x28( t3 )=               0x0, x29( t4 )=               0x0, x30( t5 )=               0x0, x31( t6 )=               0x0
----
opcode:0x13(addi), dest:8, src:2, imm:16
pc=          0x100010
x00(zero)=               0x0, x01( ra )=               0x0, x02( sp )=         0x8000ff0, x03( gp )=               0x0
x04( tp )=               0x0, x05( t0 )=               0x0, x06( t1 )=               0x0, x07( t2 )=               0x0
x08( s0 )=         0x8001000, x09( s1 )=               0x0, x10( a0 )=               0x0, x11( a1 )=               0x0
x12( a2 )=               0x0, x13( a3 )=               0x0, x14( a4 )=               0x0, x15( a5 )=               0x0
x16( a6 )=               0x0, x17( a7 )=               0x0, x18( s2 )=               0x0, x19( s3 )=               0x0
x20( s4 )=               0x0, x21( s5 )=               0x0, x22( s6 )=               0x0, x23( s7 )=               0x0
x24( s8 )=               0x0, x25( s9 )=               0x0, x26( s10)=               0x0, x27( s11)=               0x0
x28( t3 )=               0x0, x29( t4 )=               0x0, x30( t5 )=               0x0, x31( t6 )=               0x0
----
opcode:0x13(addi), dest:10, src:0, imm:10
pc=          0x100014
x00(zero)=               0x0, x01( ra )=               0x0, x02( sp )=         0x8000ff0, x03( gp )=               0x0
x04( tp )=               0x0, x05( t0 )=               0x0, x06( t1 )=               0x0, x07( t2 )=               0x0
x08( s0 )=         0x8001000, x09( s1 )=               0x0, x10( a0 )=               0xa, x11( a1 )=               0x0
x12( a2 )=               0x0, x13( a3 )=               0x0, x14( a4 )=               0x0, x15( a5 )=               0x0
x16( a6 )=               0x0, x17( a7 )=               0x0, x18( s2 )=               0x0, x19( s3 )=               0x0
x20( s4 )=               0x0, x21( s5 )=               0x0, x22( s6 )=               0x0, x23( s7 )=               0x0
x24( s8 )=               0x0, x25( s9 )=               0x0, x26( s10)=               0x0, x27( s11)=               0x0
x28( t3 )=               0x0, x29( t4 )=               0x0, x30( t5 )=               0x0, x31( t6 )=               0x0
----
opcode:0x6f(jal), dest:1, offset:28
pc=          0x100034
x00(zero)=               0x0, x01( ra )=          0x100018, x02( sp )=         0x8000ff0, x03( gp )=               0x0
x04( tp )=               0x0, x05( t0 )=               0x0, x06( t1 )=               0x0, x07( t2 )=               0x0
x08( s0 )=         0x8001000, x09( s1 )=               0x0, x10( a0 )=               0xa, x11( a1 )=               0x0
x12( a2 )=               0x0, x13( a3 )=               0x0, x14( a4 )=               0x0, x15( a5 )=               0x0
x16( a6 )=               0x0, x17( a7 )=               0x0, x18( s2 )=               0x0, x19( s3 )=               0x0
x20( s4 )=               0x0, x21( s5 )=               0x0, x22( s6 )=               0x0, x23( s7 )=               0x0
x24( s8 )=               0x0, x25( s9 )=               0x0, x26( s10)=               0x0, x27( s11)=               0x0
x28( t3 )=               0x0, x29( t4 )=               0x0, x30( t5 )=               0x0, x31( t6 )=               0x0
----
opcode:0x23(s?), offset:40, base:2, src:1
pc=          0x100038
x00(zero)=               0x0, x01( ra )=          0x100018, x02( sp )=         0x8000ff0, x03( gp )=               0x0
x04( tp )=               0x0, x05( t0 )=               0x0, x06( t1 )=               0x0, x07( t2 )=               0x0
x08( s0 )=         0x8001000, x09( s1 )=               0x0, x10( a0 )=               0xa, x11( a1 )=               0x0
x12( a2 )=               0x0, x13( a3 )=               0x0, x14( a4 )=               0x0, x15( a5 )=               0x0
x16( a6 )=               0x0, x17( a7 )=               0x0, x18( s2 )=               0x0, x19( s3 )=               0x0
x20( s4 )=               0x0, x21( s5 )=               0x0, x22( s6 )=               0x0, x23( s7 )=               0x0
x24( s8 )=               0x0, x25( s9 )=               0x0, x26( s10)=               0x0, x27( s11)=               0x0
x28( t3 )=               0x0, x29( t4 )=               0x0, x30( t5 )=               0x0, x31( t6 )=               0x0
----
opcode:0x23(s?), offset:32, base:2, src:8
pc=          0x10003c
x00(zero)=               0x0, x01( ra )=          0x100018, x02( sp )=         0x8000ff0, x03( gp )=               0x0
x04( tp )=               0x0, x05( t0 )=               0x0, x06( t1 )=               0x0, x07( t2 )=               0x0
x08( s0 )=         0x8001000, x09( s1 )=               0x0, x10( a0 )=               0xa, x11( a1 )=               0x0
x12( a2 )=               0x0, x13( a3 )=               0x0, x14( a4 )=               0x0, x15( a5 )=               0x0
x16( a6 )=               0x0, x17( a7 )=               0x0, x18( s2 )=               0x0, x19( s3 )=               0x0
x20( s4 )=               0x0, x21( s5 )=               0x0, x22( s6 )=               0x0, x23( s7 )=               0x0
x24( s8 )=               0x0, x25( s9 )=               0x0, x26( s10)=               0x0, x27( s11)=               0x0
x28( t3 )=               0x0, x29( t4 )=               0x0, x30( t5 )=               0x0, x31( t6 )=               0x0
----
opcode:0x23(s?), offset:24, base:2, src:9
pc=          0x100040
x00(zero)=               0x0, x01( ra )=          0x100018, x02( sp )=         0x8000ff0, x03( gp )=               0x0
x04( tp )=               0x0, x05( t0 )=               0x0, x06( t1 )=               0x0, x07( t2 )=               0x0
x08( s0 )=         0x8001000, x09( s1 )=               0x0, x10( a0 )=               0xa, x11( a1 )=               0x0
x12( a2 )=               0x0, x13( a3 )=               0x0, x14( a4 )=               0x0, x15( a5 )=               0x0
x16( a6 )=               0x0, x17( a7 )=               0x0, x18( s2 )=               0x0, x19( s3 )=               0x0
x20( s4 )=               0x0, x21( s5 )=               0x0, x22( s6 )=               0x0, x23( s7 )=               0x0
x24( s8 )=               0x0, x25( s9 )=               0x0, x26( s10)=               0x0, x27( s11)=               0x0
x28( t3 )=               0x0, x29( t4 )=               0x0, x30( t5 )=               0x0, x31( t6 )=               0x0
----
opcode:0x13(addi), dest:8, src:2, imm:48
pc=          0x100044
x00(zero)=               0x0, x01( ra )=          0x100018, x02( sp )=         0x8000ff0, x03( gp )=               0x0
x04( tp )=               0x0, x05( t0 )=               0x0, x06( t1 )=               0x0, x07( t2 )=               0x0
x08( s0 )=         0x8001020, x09( s1 )=               0x0, x10( a0 )=               0xa, x11( a1 )=               0x0
x12( a2 )=               0x0, x13( a3 )=               0x0, x14( a4 )=               0x0, x15( a5 )=               0x0
x16( a6 )=               0x0, x17( a7 )=               0x0, x18( s2 )=               0x0, x19( s3 )=               0x0
x20( s4 )=               0x0, x21( s5 )=               0x0, x22( s6 )=               0x0, x23( s7 )=               0x0
x24( s8 )=               0x0, x25( s9 )=               0x0, x26( s10)=               0x0, x27( s11)=               0x0
x28( t3 )=               0x0, x29( t4 )=               0x0, x30( t5 )=               0x0, x31( t6 )=               0x0
----
opcode:0x13(addi), dest:15, src:10, imm:0
pc=          0x100048
x00(zero)=               0x0, x01( ra )=          0x100018, x02( sp )=         0x8000ff0, x03( gp )=               0x0
x04( tp )=               0x0, x05( t0 )=               0x0, x06( t1 )=               0x0, x07( t2 )=               0x0
x08( s0 )=         0x8001020, x09( s1 )=               0x0, x10( a0 )=               0xa, x11( a1 )=               0x0
x12( a2 )=               0x0, x13( a3 )=               0x0, x14( a4 )=               0x0, x15( a5 )=               0xa
x16( a6 )=               0x0, x17( a7 )=               0x0, x18( s2 )=               0x0, x19( s3 )=               0x0
x20( s4 )=               0x0, x21( s5 )=               0x0, x22( s6 )=               0x0, x23( s7 )=               0x0
x24( s8 )=               0x0, x25( s9 )=               0x0, x26( s10)=               0x0, x27( s11)=               0x0
x28( t3 )=               0x0, x29( t4 )=               0x0, x30( t5 )=               0x0, x31( t6 )=               0x0
----
opcode:0x23(s?), offset:18446744073709551580, base:8, src:15
pc=          0x10004c
x00(zero)=               0x0, x01( ra )=          0x100018, x02( sp )=         0x8000ff0, x03( gp )=               0x0
x04( tp )=               0x0, x05( t0 )=               0x0, x06( t1 )=               0x0, x07( t2 )=               0x0
x08( s0 )=         0x8001020, x09( s1 )=               0x0, x10( a0 )=               0xa, x11( a1 )=               0x0
x12( a2 )=               0x0, x13( a3 )=               0x0, x14( a4 )=               0x0, x15( a5 )=               0xa
x16( a6 )=               0x0, x17( a7 )=               0x0, x18( s2 )=               0x0, x19( s3 )=               0x0
x20( s4 )=               0x0, x21( s5 )=               0x0, x22( s6 )=               0x0, x23( s7 )=               0x0
x24( s8 )=               0x0, x25( s9 )=               0x0, x26( s10)=               0x0, x27( s11)=               0x0
x28( t3 )=               0x0, x29( t4 )=               0x0, x30( t5 )=               0x0, x31( t6 )=               0x0
----
opcode:0x3(lw), dest:15, base:8, imm:18446744073709551580
pc=          0x100050
x00(zero)=               0x0, x01( ra )=          0x100018, x02( sp )=         0x8000ff0, x03( gp )=               0x0
x04( tp )=               0x0, x05( t0 )=               0x0, x06( t1 )=               0x0, x07( t2 )=               0x0
x08( s0 )=         0x8001020, x09( s1 )=               0x0, x10( a0 )=               0xa, x11( a1 )=               0x0
x12( a2 )=               0x0, x13( a3 )=               0x0, x14( a4 )=               0x0, x15( a5 )=               0xa
x16( a6 )=               0x0, x17( a7 )=               0x0, x18( s2 )=               0x0, x19( s3 )=               0x0
x20( s4 )=               0x0, x21( s5 )=               0x0, x22( s6 )=               0x0, x23( s7 )=               0x0
x24( s8 )=               0x0, x25( s9 )=               0x0, x26( s10)=               0x0, x27( s11)=               0x0
x28( t3 )=               0x0, x29( t4 )=               0x0, x30( t5 )=               0x0, x31( t6 )=               0x0
----
