Prog Header Entries:2, Offset:0x40, size:0x38, entry:0x80000000
Offset:0x40, Entry:0, segment offset: 0xb854, va:0x0, filesize:0x34, memsize:0x0
Code length: 0
Offset:0x78, Entry:1, segment offset: 0x1000, va:0x80000000, filesize:0xa854, memsize:0x28000
Code length: 0
0x80000000 : auipc, dest:2, offset:45056(0xb000)
pc=        0x80000004
x00(zero)=               0x0, x01( ra )=               0x0, [91mx02( sp )=        0x8000b000[0m, x03( gp )=               0x0
x04( tp )=               0x0, x05( t0 )=               0x0, x06( t1 )=               0x0, x07( t2 )=               0x0
x08( s0 )=               0x0, x09( s1 )=               0x0, x10( a0 )=               0x0, x11( a1 )=               0x0
x12( a2 )=               0x0, x13( a3 )=               0x0, x14( a4 )=               0x0, x15( a5 )=               0x0
x16( a6 )=               0x0, x17( a7 )=               0x0, x18( s2 )=               0x0, x19( s3 )=               0x0
x20( s4 )=               0x0, x21( s5 )=               0x0, x22( s6 )=               0x0, x23( s7 )=               0x0
x24( s8 )=               0x0, x25( s9 )=               0x0, x26( s10)=               0x0, x27( s11)=               0x0
x28( t3 )=               0x0, x29( t4 )=               0x0, x30( t5 )=               0x0, x31( t6 )=               0x0
----
0x80000004 : addi, rd:2, rs1:2, imm:384(0x180)
pc=        0x80000008
x00(zero)=               0x0, x01( ra )=               0x0, [91mx02( sp )=        0x8000b180[0m, x03( gp )=               0x0
x04( tp )=               0x0, x05( t0 )=               0x0, x06( t1 )=               0x0, x07( t2 )=               0x0
x08( s0 )=               0x0, x09( s1 )=               0x0, x10( a0 )=               0x0, x11( a1 )=               0x0
x12( a2 )=               0x0, x13( a3 )=               0x0, x14( a4 )=               0x0, x15( a5 )=               0x0
x16( a6 )=               0x0, x17( a7 )=               0x0, x18( s2 )=               0x0, x19( s3 )=               0x0
x20( s4 )=               0x0, x21( s5 )=               0x0, x22( s6 )=               0x0, x23( s7 )=               0x0
x24( s8 )=               0x0, x25( s9 )=               0x0, x26( s10)=               0x0, x27( s11)=               0x0
x28( t3 )=               0x0, x29( t4 )=               0x0, x30( t5 )=               0x0, x31( t6 )=               0x0
----
0x80000008 : lui, dest:10, offset:4096(0x1000)
pc=        0x8000000c
x00(zero)=               0x0, x01( ra )=               0x0, x02( sp )=        0x8000b180, x03( gp )=               0x0
x04( tp )=               0x0, x05( t0 )=               0x0, x06( t1 )=               0x0, x07( t2 )=               0x0
x08( s0 )=               0x0, x09( s1 )=               0x0, [91mx10( a0 )=            0x1000[0m, x11( a1 )=               0x0
x12( a2 )=               0x0, x13( a3 )=               0x0, x14( a4 )=               0x0, x15( a5 )=               0x0
x16( a6 )=               0x0, x17( a7 )=               0x0, x18( s2 )=               0x0, x19( s3 )=               0x0
x20( s4 )=               0x0, x21( s5 )=               0x0, x22( s6 )=               0x0, x23( s7 )=               0x0
x24( s8 )=               0x0, x25( s9 )=               0x0, x26( s10)=               0x0, x27( s11)=               0x0
x28( t3 )=               0x0, x29( t4 )=               0x0, x30( t5 )=               0x0, x31( t6 )=               0x0
----
0x8000000c : csrrs, dest:11, rs1:0, csr:3860(0xf14)
pc=        0x80000010
x00(zero)=               0x0, x01( ra )=               0x0, x02( sp )=        0x8000b180, x03( gp )=               0x0
x04( tp )=               0x0, x05( t0 )=               0x0, x06( t1 )=               0x0, x07( t2 )=               0x0
x08( s0 )=               0x0, x09( s1 )=               0x0, x10( a0 )=            0x1000, x11( a1 )=               0x0
x12( a2 )=               0x0, x13( a3 )=               0x0, x14( a4 )=               0x0, x15( a5 )=               0x0
x16( a6 )=               0x0, x17( a7 )=               0x0, x18( s2 )=               0x0, x19( s3 )=               0x0
x20( s4 )=               0x0, x21( s5 )=               0x0, x22( s6 )=               0x0, x23( s7 )=               0x0
x24( s8 )=               0x0, x25( s9 )=               0x0, x26( s10)=               0x0, x27( s11)=               0x0
x28( t3 )=               0x0, x29( t4 )=               0x0, x30( t5 )=               0x0, x31( t6 )=               0x0
----
0x80000010 : addi, rd:11, rs1:11, imm:1(0x1)
pc=        0x80000014
x00(zero)=               0x0, x01( ra )=               0x0, x02( sp )=        0x8000b180, x03( gp )=               0x0
x04( tp )=               0x0, x05( t0 )=               0x0, x06( t1 )=               0x0, x07( t2 )=               0x0
x08( s0 )=               0x0, x09( s1 )=               0x0, x10( a0 )=            0x1000, [91mx11( a1 )=               0x1[0m
x12( a2 )=               0x0, x13( a3 )=               0x0, x14( a4 )=               0x0, x15( a5 )=               0x0
x16( a6 )=               0x0, x17( a7 )=               0x0, x18( s2 )=               0x0, x19( s3 )=               0x0
x20( s4 )=               0x0, x21( s5 )=               0x0, x22( s6 )=               0x0, x23( s7 )=               0x0
x24( s8 )=               0x0, x25( s9 )=               0x0, x26( s10)=               0x0, x27( s11)=               0x0
x28( t3 )=               0x0, x29( t4 )=               0x0, x30( t5 )=               0x0, x31( t6 )=               0x0
----
0x80000014 : mul, dest:10, rs1:10, rs2:11
pc=        0x80000018
x00(zero)=               0x0, x01( ra )=               0x0, x02( sp )=        0x8000b180, x03( gp )=               0x0
x04( tp )=               0x0, x05( t0 )=               0x0, x06( t1 )=               0x0, x07( t2 )=               0x0
x08( s0 )=               0x0, x09( s1 )=               0x0, [91mx10( a0 )=            0x1000[0m, [92mx11( a1 )=               0x1[0m
x12( a2 )=               0x0, x13( a3 )=               0x0, x14( a4 )=               0x0, x15( a5 )=               0x0
x16( a6 )=               0x0, x17( a7 )=               0x0, x18( s2 )=               0x0, x19( s3 )=               0x0
x20( s4 )=               0x0, x21( s5 )=               0x0, x22( s6 )=               0x0, x23( s7 )=               0x0
x24( s8 )=               0x0, x25( s9 )=               0x0, x26( s10)=               0x0, x27( s11)=               0x0
x28( t3 )=               0x0, x29( t4 )=               0x0, x30( t5 )=               0x0, x31( t6 )=               0x0
----
0x80000018 : add, dest:2, rs1:2, rs2:10
pc=        0x8000001c
x00(zero)=               0x0, x01( ra )=               0x0, [91mx02( sp )=        0x8000c180[0m, x03( gp )=               0x0
x04( tp )=               0x0, x05( t0 )=               0x0, x06( t1 )=               0x0, x07( t2 )=               0x0
x08( s0 )=               0x0, x09( s1 )=               0x0, [92mx10( a0 )=            0x1000[0m, x11( a1 )=               0x1
x12( a2 )=               0x0, x13( a3 )=               0x0, x14( a4 )=               0x0, x15( a5 )=               0x0
x16( a6 )=               0x0, x17( a7 )=               0x0, x18( s2 )=               0x0, x19( s3 )=               0x0
x20( s4 )=               0x0, x21( s5 )=               0x0, x22( s6 )=               0x0, x23( s7 )=               0x0
x24( s8 )=               0x0, x25( s9 )=               0x0, x26( s10)=               0x0, x27( s11)=               0x0
x28( t3 )=               0x0, x29( t4 )=               0x0, x30( t5 )=               0x0, x31( t6 )=               0x0
----
0x8000001c : jal, dest:1, offset:148(0x94)
pc=        0x800000b0
x00(zero)=               0x0, [91mx01( ra )=        0x80000020[0m, x02( sp )=        0x8000c180, x03( gp )=               0x0
x04( tp )=               0x0, x05( t0 )=               0x0, x06( t1 )=               0x0, x07( t2 )=               0x0
x08( s0 )=               0x0, x09( s1 )=               0x0, x10( a0 )=            0x1000, x11( a1 )=               0x1
x12( a2 )=               0x0, x13( a3 )=               0x0, x14( a4 )=               0x0, x15( a5 )=               0x0
x16( a6 )=               0x0, x17( a7 )=               0x0, x18( s2 )=               0x0, x19( s3 )=               0x0
x20( s4 )=               0x0, x21( s5 )=               0x0, x22( s6 )=               0x0, x23( s7 )=               0x0
x24( s8 )=               0x0, x25( s9 )=               0x0, x26( s10)=               0x0, x27( s11)=               0x0
x28( t3 )=               0x0, x29( t4 )=               0x0, x30( t5 )=               0x0, x31( t6 )=               0x0
----
0x800000b0 : addi, rd:2, rs1:2, imm:-16(0xfffffff0)
pc=        0x800000b4
x00(zero)=               0x0, x01( ra )=        0x80000020, [91mx02( sp )=        0x8000c170[0m, x03( gp )=               0x0
x04( tp )=               0x0, x05( t0 )=               0x0, x06( t1 )=               0x0, x07( t2 )=               0x0
x08( s0 )=               0x0, x09( s1 )=               0x0, x10( a0 )=            0x1000, x11( a1 )=               0x1
x12( a2 )=               0x0, x13( a3 )=               0x0, x14( a4 )=               0x0, x15( a5 )=               0x0
x16( a6 )=               0x0, x17( a7 )=               0x0, x18( s2 )=               0x0, x19( s3 )=               0x0
x20( s4 )=               0x0, x21( s5 )=               0x0, x22( s6 )=               0x0, x23( s7 )=               0x0
x24( s8 )=               0x0, x25( s9 )=               0x0, x26( s10)=               0x0, x27( s11)=               0x0
x28( t3 )=               0x0, x29( t4 )=               0x0, x30( t5 )=               0x0, x31( t6 )=               0x0
----
0x800000b4 : s?, offset:8, base:2, src:1
pc=        0x800000b8
x00(zero)=               0x0, [92mx01( ra )=        0x80000020[0m, [92mx02( sp )=        0x8000c170[0m, x03( gp )=               0x0
x04( tp )=               0x0, x05( t0 )=               0x0, x06( t1 )=               0x0, x07( t2 )=               0x0
x08( s0 )=               0x0, x09( s1 )=               0x0, x10( a0 )=            0x1000, x11( a1 )=               0x1
x12( a2 )=               0x0, x13( a3 )=               0x0, x14( a4 )=               0x0, x15( a5 )=               0x0
x16( a6 )=               0x0, x17( a7 )=               0x0, x18( s2 )=               0x0, x19( s3 )=               0x0
x20( s4 )=               0x0, x21( s5 )=               0x0, x22( s6 )=               0x0, x23( s7 )=               0x0
x24( s8 )=               0x0, x25( s9 )=               0x0, x26( s10)=               0x0, x27( s11)=               0x0
x28( t3 )=               0x0, x29( t4 )=               0x0, x30( t5 )=               0x0, x31( t6 )=               0x0
----
0x800000b8 : s?, offset:0, base:2, src:8
pc=        0x800000bc
x00(zero)=               0x0, x01( ra )=        0x80000020, [92mx02( sp )=        0x8000c170[0m, x03( gp )=               0x0
x04( tp )=               0x0, x05( t0 )=               0x0, x06( t1 )=               0x0, x07( t2 )=               0x0
[92mx08( s0 )=               0x0[0m, x09( s1 )=               0x0, x10( a0 )=            0x1000, x11( a1 )=               0x1
x12( a2 )=               0x0, x13( a3 )=               0x0, x14( a4 )=               0x0, x15( a5 )=               0x0
x16( a6 )=               0x0, x17( a7 )=               0x0, x18( s2 )=               0x0, x19( s3 )=               0x0
x20( s4 )=               0x0, x21( s5 )=               0x0, x22( s6 )=               0x0, x23( s7 )=               0x0
x24( s8 )=               0x0, x25( s9 )=               0x0, x26( s10)=               0x0, x27( s11)=               0x0
x28( t3 )=               0x0, x29( t4 )=               0x0, x30( t5 )=               0x0, x31( t6 )=               0x0
----
0x800000bc : addi, rd:8, rs1:2, imm:16(0x10)
pc=        0x800000c0
x00(zero)=               0x0, x01( ra )=        0x80000020, [92mx02( sp )=        0x8000c170[0m, x03( gp )=               0x0
x04( tp )=               0x0, x05( t0 )=               0x0, x06( t1 )=               0x0, x07( t2 )=               0x0
[91mx08( s0 )=        0x8000c180[0m, x09( s1 )=               0x0, x10( a0 )=            0x1000, x11( a1 )=               0x1
x12( a2 )=               0x0, x13( a3 )=               0x0, x14( a4 )=               0x0, x15( a5 )=               0x0
x16( a6 )=               0x0, x17( a7 )=               0x0, x18( s2 )=               0x0, x19( s3 )=               0x0
x20( s4 )=               0x0, x21( s5 )=               0x0, x22( s6 )=               0x0, x23( s7 )=               0x0
x24( s8 )=               0x0, x25( s9 )=               0x0, x26( s10)=               0x0, x27( s11)=               0x0
x28( t3 )=               0x0, x29( t4 )=               0x0, x30( t5 )=               0x0, x31( t6 )=               0x0
----
0x800000c0 : csrrs, dest:15, rs1:0, csr:768(0x300)
pc=        0x800000c4
x00(zero)=               0x0, x01( ra )=        0x80000020, x02( sp )=        0x8000c170, x03( gp )=               0x0
x04( tp )=               0x0, x05( t0 )=               0x0, x06( t1 )=               0x0, x07( t2 )=               0x0
x08( s0 )=        0x8000c180, x09( s1 )=               0x0, x10( a0 )=            0x1000, x11( a1 )=               0x1
x12( a2 )=               0x0, x13( a3 )=               0x0, x14( a4 )=               0x0, x15( a5 )=               0x0
x16( a6 )=               0x0, x17( a7 )=               0x0, x18( s2 )=               0x0, x19( s3 )=               0x0
x20( s4 )=               0x0, x21( s5 )=               0x0, x22( s6 )=               0x0, x23( s7 )=               0x0
x24( s8 )=               0x0, x25( s9 )=               0x0, x26( s10)=               0x0, x27( s11)=               0x0
x28( t3 )=               0x0, x29( t4 )=               0x0, x30( t5 )=               0x0, x31( t6 )=               0x0
----
0x800000c4 : lui, dest:14, offset:4294959104(0xffffe000)
pc=        0x800000c8
x00(zero)=               0x0, x01( ra )=        0x80000020, x02( sp )=        0x8000c170, x03( gp )=               0x0
x04( tp )=               0x0, x05( t0 )=               0x0, x06( t1 )=               0x0, x07( t2 )=               0x0
x08( s0 )=        0x8000c180, x09( s1 )=               0x0, x10( a0 )=            0x1000, x11( a1 )=               0x1
x12( a2 )=               0x0, x13( a3 )=               0x0, [91mx14( a4 )=        0xffffe000[0m, x15( a5 )=               0x0
x16( a6 )=               0x0, x17( a7 )=               0x0, x18( s2 )=               0x0, x19( s3 )=               0x0
x20( s4 )=               0x0, x21( s5 )=               0x0, x22( s6 )=               0x0, x23( s7 )=               0x0
x24( s8 )=               0x0, x25( s9 )=               0x0, x26( s10)=               0x0, x27( s11)=               0x0
x28( t3 )=               0x0, x29( t4 )=               0x0, x30( t5 )=               0x0, x31( t6 )=               0x0
----
0x800000c8 : addi, rd:14, rs1:14, imm:2047(0x7ff)
pc=        0x800000cc
x00(zero)=               0x0, x01( ra )=        0x80000020, x02( sp )=        0x8000c170, x03( gp )=               0x0
x04( tp )=               0x0, x05( t0 )=               0x0, x06( t1 )=               0x0, x07( t2 )=               0x0
x08( s0 )=        0x8000c180, x09( s1 )=               0x0, x10( a0 )=            0x1000, x11( a1 )=               0x1
x12( a2 )=               0x0, x13( a3 )=               0x0, [91mx14( a4 )=        0xffffe7ff[0m, x15( a5 )=               0x0
x16( a6 )=               0x0, x17( a7 )=               0x0, x18( s2 )=               0x0, x19( s3 )=               0x0
x20( s4 )=               0x0, x21( s5 )=               0x0, x22( s6 )=               0x0, x23( s7 )=               0x0
x24( s8 )=               0x0, x25( s9 )=               0x0, x26( s10)=               0x0, x27( s11)=               0x0
x28( t3 )=               0x0, x29( t4 )=               0x0, x30( t5 )=               0x0, x31( t6 )=               0x0
----
0x800000cc : and, dest:15, rs1:15, rs2:14
pc=        0x800000d0
x00(zero)=               0x0, x01( ra )=        0x80000020, x02( sp )=        0x8000c170, x03( gp )=               0x0
x04( tp )=               0x0, x05( t0 )=               0x0, x06( t1 )=               0x0, x07( t2 )=               0x0
x08( s0 )=        0x8000c180, x09( s1 )=               0x0, x10( a0 )=            0x1000, x11( a1 )=               0x1
x12( a2 )=               0x0, x13( a3 )=               0x0, [92mx14( a4 )=        0xffffe7ff[0m, [91mx15( a5 )=               0x0[0m
x16( a6 )=               0x0, x17( a7 )=               0x0, x18( s2 )=               0x0, x19( s3 )=               0x0
x20( s4 )=               0x0, x21( s5 )=               0x0, x22( s6 )=               0x0, x23( s7 )=               0x0
x24( s8 )=               0x0, x25( s9 )=               0x0, x26( s10)=               0x0, x27( s11)=               0x0
x28( t3 )=               0x0, x29( t4 )=               0x0, x30( t5 )=               0x0, x31( t6 )=               0x0
----
0x800000d0 : lui, dest:14, offset:4096(0x1000)
pc=        0x800000d4
x00(zero)=               0x0, x01( ra )=        0x80000020, x02( sp )=        0x8000c170, x03( gp )=               0x0
x04( tp )=               0x0, x05( t0 )=               0x0, x06( t1 )=               0x0, x07( t2 )=               0x0
x08( s0 )=        0x8000c180, x09( s1 )=               0x0, x10( a0 )=            0x1000, x11( a1 )=               0x1
x12( a2 )=               0x0, x13( a3 )=               0x0, [91mx14( a4 )=            0x1000[0m, x15( a5 )=               0x0
x16( a6 )=               0x0, x17( a7 )=               0x0, x18( s2 )=               0x0, x19( s3 )=               0x0
x20( s4 )=               0x0, x21( s5 )=               0x0, x22( s6 )=               0x0, x23( s7 )=               0x0
x24( s8 )=               0x0, x25( s9 )=               0x0, x26( s10)=               0x0, x27( s11)=               0x0
x28( t3 )=               0x0, x29( t4 )=               0x0, x30( t5 )=               0x0, x31( t6 )=               0x0
----
0x800000d4 : addi, rd:14, rs1:14, imm:-2048(0xfffff800)
pc=        0x800000d8
x00(zero)=               0x0, x01( ra )=        0x80000020, x02( sp )=        0x8000c170, x03( gp )=               0x0
x04( tp )=               0x0, x05( t0 )=               0x0, x06( t1 )=               0x0, x07( t2 )=               0x0
x08( s0 )=        0x8000c180, x09( s1 )=               0x0, x10( a0 )=            0x1000, x11( a1 )=               0x1
x12( a2 )=               0x0, x13( a3 )=               0x0, [91mx14( a4 )=             0x800[0m, x15( a5 )=               0x0
x16( a6 )=               0x0, x17( a7 )=               0x0, x18( s2 )=               0x0, x19( s3 )=               0x0
x20( s4 )=               0x0, x21( s5 )=               0x0, x22( s6 )=               0x0, x23( s7 )=               0x0
x24( s8 )=               0x0, x25( s9 )=               0x0, x26( s10)=               0x0, x27( s11)=               0x0
x28( t3 )=               0x0, x29( t4 )=               0x0, x30( t5 )=               0x0, x31( t6 )=               0x0
----
0x800000d8 : or, dest:15, rs1:15, rs2:14
pc=        0x800000dc
x00(zero)=               0x0, x01( ra )=        0x80000020, x02( sp )=        0x8000c170, x03( gp )=               0x0
x04( tp )=               0x0, x05( t0 )=               0x0, x06( t1 )=               0x0, x07( t2 )=               0x0
x08( s0 )=        0x8000c180, x09( s1 )=               0x0, x10( a0 )=            0x1000, x11( a1 )=               0x1
x12( a2 )=               0x0, x13( a3 )=               0x0, [92mx14( a4 )=             0x800[0m, [91mx15( a5 )=             0x800[0m
x16( a6 )=               0x0, x17( a7 )=               0x0, x18( s2 )=               0x0, x19( s3 )=               0x0
x20( s4 )=               0x0, x21( s5 )=               0x0, x22( s6 )=               0x0, x23( s7 )=               0x0
x24( s8 )=               0x0, x25( s9 )=               0x0, x26( s10)=               0x0, x27( s11)=               0x0
x28( t3 )=               0x0, x29( t4 )=               0x0, x30( t5 )=               0x0, x31( t6 )=               0x0
----
0x800000dc : csrrw, dest:0, rs1:15, csr:768(0x300)
pc=        0x800000e0
x00(zero)=               0x0, x01( ra )=        0x80000020, x02( sp )=        0x8000c170, x03( gp )=               0x0
x04( tp )=               0x0, x05( t0 )=               0x0, x06( t1 )=               0x0, x07( t2 )=               0x0
x08( s0 )=        0x8000c180, x09( s1 )=               0x0, x10( a0 )=            0x1000, x11( a1 )=               0x1
x12( a2 )=               0x0, x13( a3 )=               0x0, x14( a4 )=             0x800, x15( a5 )=             0x800
x16( a6 )=               0x0, x17( a7 )=               0x0, x18( s2 )=               0x0, x19( s3 )=               0x0
x20( s4 )=               0x0, x21( s5 )=               0x0, x22( s6 )=               0x0, x23( s7 )=               0x0
x24( s8 )=               0x0, x25( s9 )=               0x0, x26( s10)=               0x0, x27( s11)=               0x0
x28( t3 )=               0x0, x29( t4 )=               0x0, x30( t5 )=               0x0, x31( t6 )=               0x0
----
0x800000e0 : auipc, dest:15, offset:4096(0x1000)
pc=        0x800000e4
x00(zero)=               0x0, x01( ra )=        0x80000020, x02( sp )=        0x8000c170, x03( gp )=               0x0
x04( tp )=               0x0, x05( t0 )=               0x0, x06( t1 )=               0x0, x07( t2 )=               0x0
x08( s0 )=        0x8000c180, x09( s1 )=               0x0, x10( a0 )=            0x1000, x11( a1 )=               0x1
x12( a2 )=               0x0, x13( a3 )=               0x0, x14( a4 )=             0x800, [91mx15( a5 )=        0x800010e0[0m
x16( a6 )=               0x0, x17( a7 )=               0x0, x18( s2 )=               0x0, x19( s3 )=               0x0
x20( s4 )=               0x0, x21( s5 )=               0x0, x22( s6 )=               0x0, x23( s7 )=               0x0
x24( s8 )=               0x0, x25( s9 )=               0x0, x26( s10)=               0x0, x27( s11)=               0x0
x28( t3 )=               0x0, x29( t4 )=               0x0, x30( t5 )=               0x0, x31( t6 )=               0x0
----
0x800000e4 : addi, rd:15, rs1:15, imm:728(0x2d8)
pc=        0x800000e8
x00(zero)=               0x0, x01( ra )=        0x80000020, x02( sp )=        0x8000c170, x03( gp )=               0x0
x04( tp )=               0x0, x05( t0 )=               0x0, x06( t1 )=               0x0, x07( t2 )=               0x0
x08( s0 )=        0x8000c180, x09( s1 )=               0x0, x10( a0 )=            0x1000, x11( a1 )=               0x1
x12( a2 )=               0x0, x13( a3 )=               0x0, x14( a4 )=             0x800, [91mx15( a5 )=        0x800013b8[0m
x16( a6 )=               0x0, x17( a7 )=               0x0, x18( s2 )=               0x0, x19( s3 )=               0x0
x20( s4 )=               0x0, x21( s5 )=               0x0, x22( s6 )=               0x0, x23( s7 )=               0x0
x24( s8 )=               0x0, x25( s9 )=               0x0, x26( s10)=               0x0, x27( s11)=               0x0
x28( t3 )=               0x0, x29( t4 )=               0x0, x30( t5 )=               0x0, x31( t6 )=               0x0
----
0x800000e8 : csrrw, dest:0, rs1:15, csr:833(0x341)
pc=        0x800000ec
x00(zero)=               0x0, x01( ra )=        0x80000020, x02( sp )=        0x8000c170, x03( gp )=               0x0
x04( tp )=               0x0, x05( t0 )=               0x0, x06( t1 )=               0x0, x07( t2 )=               0x0
x08( s0 )=        0x8000c180, x09( s1 )=               0x0, x10( a0 )=            0x1000, x11( a1 )=               0x1
x12( a2 )=               0x0, x13( a3 )=               0x0, x14( a4 )=             0x800, x15( a5 )=        0x800013b8
x16( a6 )=               0x0, x17( a7 )=               0x0, x18( s2 )=               0x0, x19( s3 )=               0x0
x20( s4 )=               0x0, x21( s5 )=               0x0, x22( s6 )=               0x0, x23( s7 )=               0x0
x24( s8 )=               0x0, x25( s9 )=               0x0, x26( s10)=               0x0, x27( s11)=               0x0
x28( t3 )=               0x0, x29( t4 )=               0x0, x30( t5 )=               0x0, x31( t6 )=               0x0
----
0x800000ec : addi, rd:15, rs1:0, imm:0(0x0)
pc=        0x800000f0
[92mx00(zero)=               0x0[0m, x01( ra )=        0x80000020, x02( sp )=        0x8000c170, x03( gp )=               0x0
x04( tp )=               0x0, x05( t0 )=               0x0, x06( t1 )=               0x0, x07( t2 )=               0x0
x08( s0 )=        0x8000c180, x09( s1 )=               0x0, x10( a0 )=            0x1000, x11( a1 )=               0x1
x12( a2 )=               0x0, x13( a3 )=               0x0, x14( a4 )=             0x800, [91mx15( a5 )=               0x0[0m
x16( a6 )=               0x0, x17( a7 )=               0x0, x18( s2 )=               0x0, x19( s3 )=               0x0
x20( s4 )=               0x0, x21( s5 )=               0x0, x22( s6 )=               0x0, x23( s7 )=               0x0
x24( s8 )=               0x0, x25( s9 )=               0x0, x26( s10)=               0x0, x27( s11)=               0x0
x28( t3 )=               0x0, x29( t4 )=               0x0, x30( t5 )=               0x0, x31( t6 )=               0x0
----
0x800000f0 : csrrw, dest:0, rs1:15, csr:384(0x180)
pc=        0x800000f4
x00(zero)=               0x0, x01( ra )=        0x80000020, x02( sp )=        0x8000c170, x03( gp )=               0x0
x04( tp )=               0x0, x05( t0 )=               0x0, x06( t1 )=               0x0, x07( t2 )=               0x0
x08( s0 )=        0x8000c180, x09( s1 )=               0x0, x10( a0 )=            0x1000, x11( a1 )=               0x1
x12( a2 )=               0x0, x13( a3 )=               0x0, x14( a4 )=             0x800, x15( a5 )=               0x0
x16( a6 )=               0x0, x17( a7 )=               0x0, x18( s2 )=               0x0, x19( s3 )=               0x0
x20( s4 )=               0x0, x21( s5 )=               0x0, x22( s6 )=               0x0, x23( s7 )=               0x0
x24( s8 )=               0x0, x25( s9 )=               0x0, x26( s10)=               0x0, x27( s11)=               0x0
x28( t3 )=               0x0, x29( t4 )=               0x0, x30( t5 )=               0x0, x31( t6 )=               0x0
----
0x800000f4 : lui, dest:15, offset:65536(0x10000)
pc=        0x800000f8
x00(zero)=               0x0, x01( ra )=        0x80000020, x02( sp )=        0x8000c170, x03( gp )=               0x0
x04( tp )=               0x0, x05( t0 )=               0x0, x06( t1 )=               0x0, x07( t2 )=               0x0
x08( s0 )=        0x8000c180, x09( s1 )=               0x0, x10( a0 )=            0x1000, x11( a1 )=               0x1
x12( a2 )=               0x0, x13( a3 )=               0x0, x14( a4 )=             0x800, [91mx15( a5 )=           0x10000[0m
x16( a6 )=               0x0, x17( a7 )=               0x0, x18( s2 )=               0x0, x19( s3 )=               0x0
x20( s4 )=               0x0, x21( s5 )=               0x0, x22( s6 )=               0x0, x23( s7 )=               0x0
x24( s8 )=               0x0, x25( s9 )=               0x0, x26( s10)=               0x0, x27( s11)=               0x0
x28( t3 )=               0x0, x29( t4 )=               0x0, x30( t5 )=               0x0, x31( t6 )=               0x0
----
0x800000f8 : addi, rd:15, rs1:15, imm:-1(0xffffffff)
pc=        0x800000fc
x00(zero)=               0x0, x01( ra )=        0x80000020, x02( sp )=        0x8000c170, x03( gp )=               0x0
x04( tp )=               0x0, x05( t0 )=               0x0, x06( t1 )=               0x0, x07( t2 )=               0x0
x08( s0 )=        0x8000c180, x09( s1 )=               0x0, x10( a0 )=            0x1000, x11( a1 )=               0x1
x12( a2 )=               0x0, x13( a3 )=               0x0, x14( a4 )=             0x800, [91mx15( a5 )=            0xffff[0m
x16( a6 )=               0x0, x17( a7 )=               0x0, x18( s2 )=               0x0, x19( s3 )=               0x0
x20( s4 )=               0x0, x21( s5 )=               0x0, x22( s6 )=               0x0, x23( s7 )=               0x0
x24( s8 )=               0x0, x25( s9 )=               0x0, x26( s10)=               0x0, x27( s11)=               0x0
x28( t3 )=               0x0, x29( t4 )=               0x0, x30( t5 )=               0x0, x31( t6 )=               0x0
----
0x800000fc : csrrw, dest:0, rs1:15, csr:770(0x302)
pc=        0x80000100
x00(zero)=               0x0, x01( ra )=        0x80000020, x02( sp )=        0x8000c170, x03( gp )=               0x0
x04( tp )=               0x0, x05( t0 )=               0x0, x06( t1 )=               0x0, x07( t2 )=               0x0
x08( s0 )=        0x8000c180, x09( s1 )=               0x0, x10( a0 )=            0x1000, x11( a1 )=               0x1
x12( a2 )=               0x0, x13( a3 )=               0x0, x14( a4 )=             0x800, x15( a5 )=            0xffff
x16( a6 )=               0x0, x17( a7 )=               0x0, x18( s2 )=               0x0, x19( s3 )=               0x0
x20( s4 )=               0x0, x21( s5 )=               0x0, x22( s6 )=               0x0, x23( s7 )=               0x0
x24( s8 )=               0x0, x25( s9 )=               0x0, x26( s10)=               0x0, x27( s11)=               0x0
x28( t3 )=               0x0, x29( t4 )=               0x0, x30( t5 )=               0x0, x31( t6 )=               0x0
----
0x80000100 : csrrw, dest:0, rs1:15, csr:771(0x303)
pc=        0x80000104
x00(zero)=               0x0, x01( ra )=        0x80000020, x02( sp )=        0x8000c170, x03( gp )=               0x0
x04( tp )=               0x0, x05( t0 )=               0x0, x06( t1 )=               0x0, x07( t2 )=               0x0
x08( s0 )=        0x8000c180, x09( s1 )=               0x0, x10( a0 )=            0x1000, x11( a1 )=               0x1
x12( a2 )=               0x0, x13( a3 )=               0x0, x14( a4 )=             0x800, x15( a5 )=            0xffff
x16( a6 )=               0x0, x17( a7 )=               0x0, x18( s2 )=               0x0, x19( s3 )=               0x0
x20( s4 )=               0x0, x21( s5 )=               0x0, x22( s6 )=               0x0, x23( s7 )=               0x0
x24( s8 )=               0x0, x25( s9 )=               0x0, x26( s10)=               0x0, x27( s11)=               0x0
x28( t3 )=               0x0, x29( t4 )=               0x0, x30( t5 )=               0x0, x31( t6 )=               0x0
----
0x80000104 : csrrs, dest:15, rs1:0, csr:260(0x104)
pc=        0x80000108
x00(zero)=               0x0, x01( ra )=        0x80000020, x02( sp )=        0x8000c170, x03( gp )=               0x0
x04( tp )=               0x0, x05( t0 )=               0x0, x06( t1 )=               0x0, x07( t2 )=               0x0
x08( s0 )=        0x8000c180, x09( s1 )=               0x0, x10( a0 )=            0x1000, x11( a1 )=               0x1
x12( a2 )=               0x0, x13( a3 )=               0x0, x14( a4 )=             0x800, x15( a5 )=               0x0
x16( a6 )=               0x0, x17( a7 )=               0x0, x18( s2 )=               0x0, x19( s3 )=               0x0
x20( s4 )=               0x0, x21( s5 )=               0x0, x22( s6 )=               0x0, x23( s7 )=               0x0
x24( s8 )=               0x0, x25( s9 )=               0x0, x26( s10)=               0x0, x27( s11)=               0x0
x28( t3 )=               0x0, x29( t4 )=               0x0, x30( t5 )=               0x0, x31( t6 )=               0x0
----
0x80000108 : ori, rd:15, rs1:15, imm:546(0x222)
pc=        0x8000010c
x00(zero)=               0x0, x01( ra )=        0x80000020, x02( sp )=        0x8000c170, x03( gp )=               0x0
x04( tp )=               0x0, x05( t0 )=               0x0, x06( t1 )=               0x0, x07( t2 )=               0x0
x08( s0 )=        0x8000c180, x09( s1 )=               0x0, x10( a0 )=            0x1000, x11( a1 )=               0x1
x12( a2 )=               0x0, x13( a3 )=               0x0, x14( a4 )=             0x800, [91mx15( a5 )=             0x222[0m
x16( a6 )=               0x0, x17( a7 )=               0x0, x18( s2 )=               0x0, x19( s3 )=               0x0
x20( s4 )=               0x0, x21( s5 )=               0x0, x22( s6 )=               0x0, x23( s7 )=               0x0
x24( s8 )=               0x0, x25( s9 )=               0x0, x26( s10)=               0x0, x27( s11)=               0x0
x28( t3 )=               0x0, x29( t4 )=               0x0, x30( t5 )=               0x0, x31( t6 )=               0x0
----
0x8000010c : csrrw, dest:0, rs1:15, csr:260(0x104)
pc=        0x80000110
x00(zero)=               0x0, x01( ra )=        0x80000020, x02( sp )=        0x8000c170, x03( gp )=               0x0
x04( tp )=               0x0, x05( t0 )=               0x0, x06( t1 )=               0x0, x07( t2 )=               0x0
x08( s0 )=        0x8000c180, x09( s1 )=               0x0, x10( a0 )=            0x1000, x11( a1 )=               0x1
x12( a2 )=               0x0, x13( a3 )=               0x0, x14( a4 )=             0x800, x15( a5 )=             0x222
x16( a6 )=               0x0, x17( a7 )=               0x0, x18( s2 )=               0x0, x19( s3 )=               0x0
x20( s4 )=               0x0, x21( s5 )=               0x0, x22( s6 )=               0x0, x23( s7 )=               0x0
x24( s8 )=               0x0, x25( s9 )=               0x0, x26( s10)=               0x0, x27( s11)=               0x0
x28( t3 )=               0x0, x29( t4 )=               0x0, x30( t5 )=               0x0, x31( t6 )=               0x0
----
0x80000110 : addi, rd:15, rs1:0, imm:-1(0xffffffff)
pc=        0x80000114
[92mx00(zero)=               0x0[0m, x01( ra )=        0x80000020, x02( sp )=        0x8000c170, x03( gp )=               0x0
x04( tp )=               0x0, x05( t0 )=               0x0, x06( t1 )=               0x0, x07( t2 )=               0x0
x08( s0 )=        0x8000c180, x09( s1 )=               0x0, x10( a0 )=            0x1000, x11( a1 )=               0x1
x12( a2 )=               0x0, x13( a3 )=               0x0, x14( a4 )=             0x800, [91mx15( a5 )=0xffffffffffffffff[0m
x16( a6 )=               0x0, x17( a7 )=               0x0, x18( s2 )=               0x0, x19( s3 )=               0x0
x20( s4 )=               0x0, x21( s5 )=               0x0, x22( s6 )=               0x0, x23( s7 )=               0x0
x24( s8 )=               0x0, x25( s9 )=               0x0, x26( s10)=               0x0, x27( s11)=               0x0
x28( t3 )=               0x0, x29( t4 )=               0x0, x30( t5 )=               0x0, x31( t6 )=               0x0
----
0x80000114 : srli, rd:15, rs1:15, imm:10(0xa)
pc=        0x80000118
x00(zero)=               0x0, x01( ra )=        0x80000020, x02( sp )=        0x8000c170, x03( gp )=               0x0
x04( tp )=               0x0, x05( t0 )=               0x0, x06( t1 )=               0x0, x07( t2 )=               0x0
x08( s0 )=        0x8000c180, x09( s1 )=               0x0, x10( a0 )=            0x1000, x11( a1 )=               0x1
x12( a2 )=               0x0, x13( a3 )=               0x0, x14( a4 )=             0x800, [91mx15( a5 )=  0x3fffffffffffff[0m
x16( a6 )=               0x0, x17( a7 )=               0x0, x18( s2 )=               0x0, x19( s3 )=               0x0
x20( s4 )=               0x0, x21( s5 )=               0x0, x22( s6 )=               0x0, x23( s7 )=               0x0
x24( s8 )=               0x0, x25( s9 )=               0x0, x26( s10)=               0x0, x27( s11)=               0x0
x28( t3 )=               0x0, x29( t4 )=               0x0, x30( t5 )=               0x0, x31( t6 )=               0x0
----
0x80000118 : csrrw, dest:0, rs1:15, csr:944(0x3b0)
pc=        0x8000011c
x00(zero)=               0x0, x01( ra )=        0x80000020, x02( sp )=        0x8000c170, x03( gp )=               0x0
x04( tp )=               0x0, x05( t0 )=               0x0, x06( t1 )=               0x0, x07( t2 )=               0x0
x08( s0 )=        0x8000c180, x09( s1 )=               0x0, x10( a0 )=            0x1000, x11( a1 )=               0x1
x12( a2 )=               0x0, x13( a3 )=               0x0, x14( a4 )=             0x800, x15( a5 )=  0x3fffffffffffff
x16( a6 )=               0x0, x17( a7 )=               0x0, x18( s2 )=               0x0, x19( s3 )=               0x0
x20( s4 )=               0x0, x21( s5 )=               0x0, x22( s6 )=               0x0, x23( s7 )=               0x0
x24( s8 )=               0x0, x25( s9 )=               0x0, x26( s10)=               0x0, x27( s11)=               0x0
x28( t3 )=               0x0, x29( t4 )=               0x0, x30( t5 )=               0x0, x31( t6 )=               0x0
----
0x8000011c : addi, rd:15, rs1:0, imm:15(0xf)
pc=        0x80000120
[92mx00(zero)=               0x0[0m, x01( ra )=        0x80000020, x02( sp )=        0x8000c170, x03( gp )=               0x0
x04( tp )=               0x0, x05( t0 )=               0x0, x06( t1 )=               0x0, x07( t2 )=               0x0
x08( s0 )=        0x8000c180, x09( s1 )=               0x0, x10( a0 )=            0x1000, x11( a1 )=               0x1
x12( a2 )=               0x0, x13( a3 )=               0x0, x14( a4 )=             0x800, [91mx15( a5 )=               0xf[0m
x16( a6 )=               0x0, x17( a7 )=               0x0, x18( s2 )=               0x0, x19( s3 )=               0x0
x20( s4 )=               0x0, x21( s5 )=               0x0, x22( s6 )=               0x0, x23( s7 )=               0x0
x24( s8 )=               0x0, x25( s9 )=               0x0, x26( s10)=               0x0, x27( s11)=               0x0
x28( t3 )=               0x0, x29( t4 )=               0x0, x30( t5 )=               0x0, x31( t6 )=               0x0
----
0x80000120 : csrrw, dest:0, rs1:15, csr:928(0x3a0)
pc=        0x80000124
x00(zero)=               0x0, x01( ra )=        0x80000020, x02( sp )=        0x8000c170, x03( gp )=               0x0
x04( tp )=               0x0, x05( t0 )=               0x0, x06( t1 )=               0x0, x07( t2 )=               0x0
x08( s0 )=        0x8000c180, x09( s1 )=               0x0, x10( a0 )=            0x1000, x11( a1 )=               0x1
x12( a2 )=               0x0, x13( a3 )=               0x0, x14( a4 )=             0x800, x15( a5 )=               0xf
x16( a6 )=               0x0, x17( a7 )=               0x0, x18( s2 )=               0x0, x19( s3 )=               0x0
x20( s4 )=               0x0, x21( s5 )=               0x0, x22( s6 )=               0x0, x23( s7 )=               0x0
x24( s8 )=               0x0, x25( s9 )=               0x0, x26( s10)=               0x0, x27( s11)=               0x0
x28( t3 )=               0x0, x29( t4 )=               0x0, x30( t5 )=               0x0, x31( t6 )=               0x0
----
0x80000124 : auipc, dest:1, offset:0(0x0)
pc=        0x80000128
x00(zero)=               0x0, [91mx01( ra )=        0x80000124[0m, x02( sp )=        0x8000c170, x03( gp )=               0x0
x04( tp )=               0x0, x05( t0 )=               0x0, x06( t1 )=               0x0, x07( t2 )=               0x0
x08( s0 )=        0x8000c180, x09( s1 )=               0x0, x10( a0 )=            0x1000, x11( a1 )=               0x1
x12( a2 )=               0x0, x13( a3 )=               0x0, x14( a4 )=             0x800, x15( a5 )=               0xf
x16( a6 )=               0x0, x17( a7 )=               0x0, x18( s2 )=               0x0, x19( s3 )=               0x0
x20( s4 )=               0x0, x21( s5 )=               0x0, x22( s6 )=               0x0, x23( s7 )=               0x0
x24( s8 )=               0x0, x25( s9 )=               0x0, x26( s10)=               0x0, x27( s11)=               0x0
x28( t3 )=               0x0, x29( t4 )=               0x0, x30( t5 )=               0x0, x31( t6 )=               0x0
----
0x80000128 : jalr, rd:1, rs1:1, imm:-256(0xffffff00)
pc=        0x8000002c
x00(zero)=               0x0, [91mx01( ra )=        0x8000012c[0m, x02( sp )=        0x8000c170, x03( gp )=               0x0
x04( tp )=               0x0, x05( t0 )=               0x0, x06( t1 )=               0x0, x07( t2 )=               0x0
x08( s0 )=        0x8000c180, x09( s1 )=               0x0, x10( a0 )=            0x1000, x11( a1 )=               0x1
x12( a2 )=               0x0, x13( a3 )=               0x0, x14( a4 )=             0x800, x15( a5 )=               0xf
x16( a6 )=               0x0, x17( a7 )=               0x0, x18( s2 )=               0x0, x19( s3 )=               0x0
x20( s4 )=               0x0, x21( s5 )=               0x0, x22( s6 )=               0x0, x23( s7 )=               0x0
x24( s8 )=               0x0, x25( s9 )=               0x0, x26( s10)=               0x0, x27( s11)=               0x0
x28( t3 )=               0x0, x29( t4 )=               0x0, x30( t5 )=               0x0, x31( t6 )=               0x0
----
0x8000002c : addi, rd:8, rs1:2, imm:16(0x10)
pc=        0x80000030
x00(zero)=               0x0, x01( ra )=        0x8000012c, [92mx02( sp )=        0x8000c170[0m, x03( gp )=               0x0
x04( tp )=               0x0, x05( t0 )=               0x0, x06( t1 )=               0x0, x07( t2 )=               0x0
[91mx08( s0 )=        0x8000c180[0m, x09( s1 )=               0x0, x10( a0 )=            0x1000, x11( a1 )=               0x1
x12( a2 )=               0x0, x13( a3 )=               0x0, x14( a4 )=             0x800, x15( a5 )=               0xf
x16( a6 )=               0x0, x17( a7 )=               0x0, x18( s2 )=               0x0, x19( s3 )=               0x0
x20( s4 )=               0x0, x21( s5 )=               0x0, x22( s6 )=               0x0, x23( s7 )=               0x0
x24( s8 )=               0x0, x25( s9 )=               0x0, x26( s10)=               0x0, x27( s11)=               0x0
x28( t3 )=               0x0, x29( t4 )=               0x0, x30( t5 )=               0x0, x31( t6 )=               0x0
----
0x80000030 : csrrs, dest:15, rs1:0, csr:3860(0xf14)
pc=        0x80000034
x00(zero)=               0x0, x01( ra )=        0x8000012c, x02( sp )=        0x8000c170, x03( gp )=               0x0
x04( tp )=               0x0, x05( t0 )=               0x0, x06( t1 )=               0x0, x07( t2 )=               0x0
x08( s0 )=        0x8000c180, x09( s1 )=               0x0, x10( a0 )=            0x1000, x11( a1 )=               0x1
x12( a2 )=               0x0, x13( a3 )=               0x0, x14( a4 )=             0x800, x15( a5 )=               0x0
x16( a6 )=               0x0, x17( a7 )=               0x0, x18( s2 )=               0x0, x19( s3 )=               0x0
x20( s4 )=               0x0, x21( s5 )=               0x0, x22( s6 )=               0x0, x23( s7 )=               0x0
x24( s8 )=               0x0, x25( s9 )=               0x0, x26( s10)=               0x0, x27( s11)=               0x0
x28( t3 )=               0x0, x29( t4 )=               0x0, x30( t5 )=               0x0, x31( t6 )=               0x0
----
0x80000034 : addiw, rd:11, rs1:15, imm:0(0x0)
pc=        0x80000038
x00(zero)=               0x0, x01( ra )=        0x8000012c, x02( sp )=        0x8000c170, x03( gp )=               0x0
x04( tp )=               0x0, x05( t0 )=               0x0, x06( t1 )=               0x0, x07( t2 )=               0x0
x08( s0 )=        0x8000c180, x09( s1 )=               0x0, x10( a0 )=            0x1000, [91mx11( a1 )=               0x0[0m
x12( a2 )=               0x0, x13( a3 )=               0x0, x14( a4 )=             0x800, [92mx15( a5 )=               0x0[0m
x16( a6 )=               0x0, x17( a7 )=               0x0, x18( s2 )=               0x0, x19( s3 )=               0x0
x20( s4 )=               0x0, x21( s5 )=               0x0, x22( s6 )=               0x0, x23( s7 )=               0x0
x24( s8 )=               0x0, x25( s9 )=               0x0, x26( s10)=               0x0, x27( s11)=               0x0
x28( t3 )=               0x0, x29( t4 )=               0x0, x30( t5 )=               0x0, x31( t6 )=               0x0
----
0x80000038 : slliw, rd:15, rs1:15, imm:3(0x3)
pc=        0x8000003c
x00(zero)=               0x0, x01( ra )=        0x8000012c, x02( sp )=        0x8000c170, x03( gp )=               0x0
x04( tp )=               0x0, x05( t0 )=               0x0, x06( t1 )=               0x0, x07( t2 )=               0x0
x08( s0 )=        0x8000c180, x09( s1 )=               0x0, x10( a0 )=            0x1000, x11( a1 )=               0x0
x12( a2 )=               0x0, x13( a3 )=               0x0, x14( a4 )=             0x800, [91mx15( a5 )=               0x0[0m
x16( a6 )=               0x0, x17( a7 )=               0x0, x18( s2 )=               0x0, x19( s3 )=               0x0
x20( s4 )=               0x0, x21( s5 )=               0x0, x22( s6 )=               0x0, x23( s7 )=               0x0
x24( s8 )=               0x0, x25( s9 )=               0x0, x26( s10)=               0x0, x27( s11)=               0x0
x28( t3 )=               0x0, x29( t4 )=               0x0, x30( t5 )=               0x0, x31( t6 )=               0x0
----
0x8000003c : lui, dest:14, offset:33570816(0x2004000)
pc=        0x80000040
x00(zero)=               0x0, x01( ra )=        0x8000012c, x02( sp )=        0x8000c170, x03( gp )=               0x0
x04( tp )=               0x0, x05( t0 )=               0x0, x06( t1 )=               0x0, x07( t2 )=               0x0
x08( s0 )=        0x8000c180, x09( s1 )=               0x0, x10( a0 )=            0x1000, x11( a1 )=               0x0
x12( a2 )=               0x0, x13( a3 )=               0x0, [91mx14( a4 )=         0x2004000[0m, x15( a5 )=               0x0
x16( a6 )=               0x0, x17( a7 )=               0x0, x18( s2 )=               0x0, x19( s3 )=               0x0
x20( s4 )=               0x0, x21( s5 )=               0x0, x22( s6 )=               0x0, x23( s7 )=               0x0
x24( s8 )=               0x0, x25( s9 )=               0x0, x26( s10)=               0x0, x27( s11)=               0x0
x28( t3 )=               0x0, x29( t4 )=               0x0, x30( t5 )=               0x0, x31( t6 )=               0x0
----
0x80000040 : add, dest:15, rs1:15, rs2:14
pc=        0x80000044
x00(zero)=               0x0, x01( ra )=        0x8000012c, x02( sp )=        0x8000c170, x03( gp )=               0x0
x04( tp )=               0x0, x05( t0 )=               0x0, x06( t1 )=               0x0, x07( t2 )=               0x0
x08( s0 )=        0x8000c180, x09( s1 )=               0x0, x10( a0 )=            0x1000, x11( a1 )=               0x0
x12( a2 )=               0x0, x13( a3 )=               0x0, [92mx14( a4 )=         0x2004000[0m, [91mx15( a5 )=         0x2004000[0m
x16( a6 )=               0x0, x17( a7 )=               0x0, x18( s2 )=               0x0, x19( s3 )=               0x0
x20( s4 )=               0x0, x21( s5 )=               0x0, x22( s6 )=               0x0, x23( s7 )=               0x0
x24( s8 )=               0x0, x25( s9 )=               0x0, x26( s10)=               0x0, x27( s11)=               0x0
x28( t3 )=               0x0, x29( t4 )=               0x0, x30( t5 )=               0x0, x31( t6 )=               0x0
----
0x80000044 : lui, dest:14, offset:33603584(0x200c000)
pc=        0x80000048
x00(zero)=               0x0, x01( ra )=        0x8000012c, x02( sp )=        0x8000c170, x03( gp )=               0x0
x04( tp )=               0x0, x05( t0 )=               0x0, x06( t1 )=               0x0, x07( t2 )=               0x0
x08( s0 )=        0x8000c180, x09( s1 )=               0x0, x10( a0 )=            0x1000, x11( a1 )=               0x0
x12( a2 )=               0x0, x13( a3 )=               0x0, [91mx14( a4 )=         0x200c000[0m, x15( a5 )=         0x2004000
x16( a6 )=               0x0, x17( a7 )=               0x0, x18( s2 )=               0x0, x19( s3 )=               0x0
x20( s4 )=               0x0, x21( s5 )=               0x0, x22( s6 )=               0x0, x23( s7 )=               0x0
x24( s8 )=               0x0, x25( s9 )=               0x0, x26( s10)=               0x0, x27( s11)=               0x0
x28( t3 )=               0x0, x29( t4 )=               0x0, x30( t5 )=               0x0, x31( t6 )=               0x0
----
0x80000048 : ld, rd:14, rs1:14, imm:-8(0xfffffff8)
mtvec is 0
Exception:5 occurred!
