load addr: 0, size: 32
0x0 : addi, rd:5, rs1:0, imm:1(0x1)
pc=               0x4
[92mx00(zero)=               0x0[0m, x01( ra )=               0x0, x02( sp )=         0x8000000, x03( gp )=               0x0
x04( tp )=               0x0, [91mx05( t0 )=               0x1[0m, x06( t1 )=               0x0, x07( t2 )=               0x0
x08( s0 )=               0x0, x09( s1 )=               0x0, x10( a0 )=               0x0, x11( a1 )=               0x0
x12( a2 )=               0x0, x13( a3 )=               0x0, x14( a4 )=               0x0, x15( a5 )=               0x0
x16( a6 )=               0x0, x17( a7 )=               0x0, x18( s2 )=               0x0, x19( s3 )=               0x0
x20( s4 )=               0x0, x21( s5 )=               0x0, x22( s6 )=               0x0, x23( s7 )=               0x0
x24( s8 )=               0x0, x25( s9 )=               0x0, x26( s10)=               0x0, x27( s11)=               0x0
x28( t3 )=               0x0, x29( t4 )=               0x0, x30( t5 )=               0x0, x31( t6 )=               0x0
----
load addr: 4, size: 32
0x4 : addi, rd:6, rs1:0, imm:2(0x2)
pc=               0x8
[92mx00(zero)=               0x0[0m, x01( ra )=               0x0, x02( sp )=         0x8000000, x03( gp )=               0x0
x04( tp )=               0x0, x05( t0 )=               0x1, [91mx06( t1 )=               0x2[0m, x07( t2 )=               0x0
x08( s0 )=               0x0, x09( s1 )=               0x0, x10( a0 )=               0x0, x11( a1 )=               0x0
x12( a2 )=               0x0, x13( a3 )=               0x0, x14( a4 )=               0x0, x15( a5 )=               0x0
x16( a6 )=               0x0, x17( a7 )=               0x0, x18( s2 )=               0x0, x19( s3 )=               0x0
x20( s4 )=               0x0, x21( s5 )=               0x0, x22( s6 )=               0x0, x23( s7 )=               0x0
x24( s8 )=               0x0, x25( s9 )=               0x0, x26( s10)=               0x0, x27( s11)=               0x0
x28( t3 )=               0x0, x29( t4 )=               0x0, x30( t5 )=               0x0, x31( t6 )=               0x0
----
load addr: 8, size: 32
0x8 : addi, rd:7, rs1:0, imm:3(0x3)
pc=               0xc
[92mx00(zero)=               0x0[0m, x01( ra )=               0x0, x02( sp )=         0x8000000, x03( gp )=               0x0
x04( tp )=               0x0, x05( t0 )=               0x1, x06( t1 )=               0x2, [91mx07( t2 )=               0x3[0m
x08( s0 )=               0x0, x09( s1 )=               0x0, x10( a0 )=               0x0, x11( a1 )=               0x0
x12( a2 )=               0x0, x13( a3 )=               0x0, x14( a4 )=               0x0, x15( a5 )=               0x0
x16( a6 )=               0x0, x17( a7 )=               0x0, x18( s2 )=               0x0, x19( s3 )=               0x0
x20( s4 )=               0x0, x21( s5 )=               0x0, x22( s6 )=               0x0, x23( s7 )=               0x0
x24( s8 )=               0x0, x25( s9 )=               0x0, x26( s10)=               0x0, x27( s11)=               0x0
x28( t3 )=               0x0, x29( t4 )=               0x0, x30( t5 )=               0x0, x31( t6 )=               0x0
----
load addr: c, size: 32
0xc : csrrw, dest:0, rs1:5, csr:768(0x300)
pc=              0x10
x00(zero)=               0x0, x01( ra )=               0x0, x02( sp )=         0x8000000, x03( gp )=               0x0
x04( tp )=               0x0, x05( t0 )=               0x1, x06( t1 )=               0x2, x07( t2 )=               0x3
x08( s0 )=               0x0, x09( s1 )=               0x0, x10( a0 )=               0x0, x11( a1 )=               0x0
x12( a2 )=               0x0, x13( a3 )=               0x0, x14( a4 )=               0x0, x15( a5 )=               0x0
x16( a6 )=               0x0, x17( a7 )=               0x0, x18( s2 )=               0x0, x19( s3 )=               0x0
x20( s4 )=               0x0, x21( s5 )=               0x0, x22( s6 )=               0x0, x23( s7 )=               0x0
x24( s8 )=               0x0, x25( s9 )=               0x0, x26( s10)=               0x0, x27( s11)=               0x0
x28( t3 )=               0x0, x29( t4 )=               0x0, x30( t5 )=               0x0, x31( t6 )=               0x0
----
load addr: 10, size: 32
0x10 : csrrs, dest:0, rs1:6, csr:773(0x305)
pc=              0x14
x00(zero)=               0x0, x01( ra )=               0x0, x02( sp )=         0x8000000, x03( gp )=               0x0
x04( tp )=               0x0, x05( t0 )=               0x1, x06( t1 )=               0x2, x07( t2 )=               0x3
x08( s0 )=               0x0, x09( s1 )=               0x0, x10( a0 )=               0x0, x11( a1 )=               0x0
x12( a2 )=               0x0, x13( a3 )=               0x0, x14( a4 )=               0x0, x15( a5 )=               0x0
x16( a6 )=               0x0, x17( a7 )=               0x0, x18( s2 )=               0x0, x19( s3 )=               0x0
x20( s4 )=               0x0, x21( s5 )=               0x0, x22( s6 )=               0x0, x23( s7 )=               0x0
x24( s8 )=               0x0, x25( s9 )=               0x0, x26( s10)=               0x0, x27( s11)=               0x0
x28( t3 )=               0x0, x29( t4 )=               0x0, x30( t5 )=               0x0, x31( t6 )=               0x0
----
load addr: 14, size: 32
0x14 : csrrw, dest:0, rs1:7, csr:833(0x341)
pc=              0x18
x00(zero)=               0x0, x01( ra )=               0x0, x02( sp )=         0x8000000, x03( gp )=               0x0
x04( tp )=               0x0, x05( t0 )=               0x1, x06( t1 )=               0x2, x07( t2 )=               0x3
x08( s0 )=               0x0, x09( s1 )=               0x0, x10( a0 )=               0x0, x11( a1 )=               0x0
x12( a2 )=               0x0, x13( a3 )=               0x0, x14( a4 )=               0x0, x15( a5 )=               0x0
x16( a6 )=               0x0, x17( a7 )=               0x0, x18( s2 )=               0x0, x19( s3 )=               0x0
x20( s4 )=               0x0, x21( s5 )=               0x0, x22( s6 )=               0x0, x23( s7 )=               0x0
x24( s8 )=               0x0, x25( s9 )=               0x0, x26( s10)=               0x0, x27( s11)=               0x0
x28( t3 )=               0x0, x29( t4 )=               0x0, x30( t5 )=               0x0, x31( t6 )=               0x0
----
load addr: 18, size: 32
0x18 : csrrc, dest:7, rs1:0, csr:833(0x341)
pc=              0x1c
x00(zero)=               0x0, x01( ra )=               0x0, x02( sp )=         0x8000000, x03( gp )=               0x0
x04( tp )=               0x0, x05( t0 )=               0x1, x06( t1 )=               0x2, x07( t2 )=               0x3
x08( s0 )=               0x0, x09( s1 )=               0x0, x10( a0 )=               0x0, x11( a1 )=               0x0
x12( a2 )=               0x0, x13( a3 )=               0x0, x14( a4 )=               0x0, x15( a5 )=               0x0
x16( a6 )=               0x0, x17( a7 )=               0x0, x18( s2 )=               0x0, x19( s3 )=               0x0
x20( s4 )=               0x0, x21( s5 )=               0x0, x22( s6 )=               0x0, x23( s7 )=               0x0
x24( s8 )=               0x0, x25( s9 )=               0x0, x26( s10)=               0x0, x27( s11)=               0x0
x28( t3 )=               0x0, x29( t4 )=               0x0, x30( t5 )=               0x0, x31( t6 )=               0x0
----
load addr: 1c, size: 32
0x1c : csrrwi, dest:0, csr:256(0x100), uimm:4(0x4)
