[2026-01-18T09:33:55Z INFO  rv_emu::cpu] Block execution: 0x80001134 to 0x80001140 pop_off
[2026-01-18T09:33:55Z INFO  rv_emu::cpu] Block execution: 0x80001190 to 0x800011a0 release
[2026-01-18T09:33:55Z INFO  rv_emu::cpu] Block execution: 0x80002e98 to 0x80002e9c wakeup
[2026-01-18T09:33:55Z INFO  rv_emu::cpu] Block execution: 0x80002ea0 to 0x80002ea0 wakeup
[2026-01-18T09:33:55Z INFO  rv_emu::cpu] Block execution: 0x80002540 to 0x80002554 myproc
[2026-01-18T09:33:55Z INFO  rv_emu::cpu] Block execution: 0x8000101c to 0x80001040 push_off
[2026-01-18T09:33:55Z INFO  rv_emu::cpu] Block execution: 0x80002508 to 0x8000253c mycpu
[2026-01-18T09:33:55Z INFO  rv_emu::cpu] Block execution: 0x80001044 to 0x80001048 push_off
[2026-01-18T09:33:55Z INFO  rv_emu::cpu] Block execution: 0x8000104c to 0x8000104c push_off
[2026-01-18T09:33:55Z INFO  rv_emu::cpu] Block execution: 0x80002508 to 0x8000253c mycpu
[2026-01-18T09:33:55Z INFO  rv_emu::cpu] Block execution: 0x80001050 to 0x8000106c push_off
[2026-01-18T09:33:55Z INFO  rv_emu::cpu] Block execution: 0x80002558 to 0x80002574 myproc
[2026-01-18T09:33:55Z INFO  rv_emu::cpu] Block execution: 0x800010ec to 0x800010fc pop_off
[2026-01-18T09:33:55Z INFO  rv_emu::cpu] Block execution: 0x80002508 to 0x8000253c mycpu
[2026-01-18T09:33:55Z INFO  rv_emu::cpu] Block execution: 0x80001100 to 0x80001108 pop_off
[2026-01-18T09:33:55Z INFO  rv_emu::cpu] Block execution: 0x8000110c to 0x80001110 pop_off
[2026-01-18T09:33:55Z INFO  rv_emu::cpu] Block execution: 0x80001114 to 0x8000111c pop_off
[2026-01-18T09:33:55Z INFO  rv_emu::cpu] Block execution: 0x80001134 to 0x80001140 pop_off
[2026-01-18T09:33:55Z INFO  rv_emu::cpu] Block execution: 0x80002578 to 0x8000258c myproc
[2026-01-18T09:33:55Z INFO  rv_emu::cpu] Block execution: 0x80002ea4 to 0x80002ea4 wakeup
[2026-01-18T09:33:55Z INFO  rv_emu::cpu] Block execution: 0x80002ea8 to 0x80002eac wakeup
[2026-01-18T09:33:55Z INFO  rv_emu::cpu] Block execution: 0x80001084 to 0x8000109c acquire
[2026-01-18T09:33:55Z INFO  rv_emu::cpu] Block execution: 0x8000101c to 0x80001040 push_off
[2026-01-18T09:33:55Z INFO  rv_emu::cpu] Block execution: 0x80002508 to 0x8000253c mycpu
[2026-01-18T09:33:55Z INFO  rv_emu::cpu] Block execution: 0x80001044 to 0x80001048 push_off
[2026-01-18T09:33:55Z INFO  rv_emu::cpu] Block execution: 0x8000104c to 0x8000104c push_off
[2026-01-18T09:33:55Z INFO  rv_emu::cpu] Block execution: 0x80002508 to 0x8000253c mycpu
[2026-01-18T09:33:55Z INFO  rv_emu::cpu] Block execution: 0x80001050 to 0x8000106c push_off
[2026-01-18T09:33:55Z INFO  rv_emu::cpu] Block execution: 0x800010a0 to 0x800010a4 acquire
[2026-01-18T09:33:55Z INFO  rv_emu::cpu] Block execution: 0x80000fd4 to 0x80000fd8 holding
[2026-01-18T09:33:55Z INFO  rv_emu::cpu] Block execution: 0x80000fdc to 0x80000fe0 holding
[2026-01-18T09:33:55Z INFO  rv_emu::cpu] Block execution: 0x800010a8 to 0x800010ac acquire
[2026-01-18T09:33:55Z INFO  rv_emu::cpu] Block execution: 0x800010b0 to 0x800010bc acquire
[2026-01-18T09:33:55Z INFO  rv_emu::cpu] Block execution: 0x800010c0 to 0x800010c4 acquire
[2026-01-18T09:33:55Z INFO  rv_emu::cpu] Block execution: 0x80002508 to 0x8000253c mycpu
[2026-01-18T09:33:55Z INFO  rv_emu::cpu] Block execution: 0x800010c8 to 0x800010dc acquire
[2026-01-18T09:33:55Z INFO  rv_emu::cpu] Block execution: 0x80002eb0 to 0x80002eb4 wakeup
[2026-01-18T09:33:55Z INFO  rv_emu::cpu] Block execution: 0x80002e90 to 0x80002e94 wakeup
[2026-01-18T09:33:55Z INFO  rv_emu::cpu] Block execution: 0x8000115c to 0x80001174 release
[2026-01-18T09:33:55Z INFO  rv_emu::cpu] Block execution: 0x80000fd4 to 0x80000fd8 holding
[2026-01-18T09:33:55Z INFO  rv_emu::cpu] Block execution: 0x80000fe4 to 0x80000ffc holding
[2026-01-18T09:33:55Z INFO  rv_emu::cpu] Block execution: 0x80002508 to 0x8000253c mycpu
[2026-01-18T09:33:55Z INFO  rv_emu::cpu] Block execution: 0x80001000 to 0x80001018 holding
[2026-01-18T09:33:55Z INFO  rv_emu::cpu] Block execution: 0x80001178 to 0x80001178 release
[2026-01-18T09:33:55Z INFO  rv_emu::cpu] Block execution: 0x8000117c to 0x8000118c release
[2026-01-18T09:33:55Z INFO  rv_emu::cpu] Block execution: 0x800010ec to 0x800010fc pop_off
[2026-01-18T09:33:55Z INFO  rv_emu::cpu] Block execution: 0x80002508 to 0x8000253c mycpu
[2026-01-18T09:33:55Z INFO  rv_emu::cpu] Block execution: 0x80001100 to 0x80001108 pop_off
[2026-01-18T09:33:55Z INFO  rv_emu::cpu] Block execution: 0x8000110c to 0x80001110 pop_off
[2026-01-18T09:33:55Z INFO  rv_emu::cpu] Block execution: 0x80001114 to 0x8000111c pop_off
[2026-01-18T09:33:55Z INFO  rv_emu::cpu] Block execution: 0x80001134 to 0x80001140 pop_off
[2026-01-18T09:33:55Z INFO  rv_emu::cpu] Block execution: 0x80001190 to 0x800011a0 release
[2026-01-18T09:33:55Z INFO  rv_emu::cpu] Block execution: 0x80002e98 to 0x80002e9c wakeup
[2026-01-18T09:33:55Z INFO  rv_emu::cpu] Block execution: 0x80002ea0 to 0x80002ea0 wakeup
[2026-01-18T09:33:55Z INFO  rv_emu::cpu] Block execution: 0x80002540 to 0x80002554 myproc
[2026-01-18T09:33:55Z INFO  rv_emu::cpu] Block execution: 0x8000101c to 0x80001040 push_off
[2026-01-18T09:33:55Z INFO  rv_emu::cpu] Block execution: 0x80002508 to 0x8000253c mycpu
[2026-01-18T09:33:55Z INFO  rv_emu::cpu] Block execution: 0x80001044 to 0x80001048 push_off
[2026-01-18T09:33:55Z INFO  rv_emu::cpu] Block execution: 0x8000104c to 0x8000104c push_off
[2026-01-18T09:33:55Z INFO  rv_emu::cpu] Block execution: 0x80002508 to 0x8000253c mycpu
[2026-01-18T09:33:55Z INFO  rv_emu::cpu] Block execution: 0x80001050 to 0x8000106c push_off
[2026-01-18T09:33:55Z INFO  rv_emu::cpu] Block execution: 0x80002558 to 0x80002574 myproc
[2026-01-18T09:33:55Z INFO  rv_emu::cpu] Block execution: 0x800010ec to 0x800010fc pop_off
[2026-01-18T09:33:55Z INFO  rv_emu::cpu] Block execution: 0x80002508 to 0x8000253c mycpu
[2026-01-18T09:33:55Z INFO  rv_emu::cpu] Block execution: 0x80001100 to 0x80001108 pop_off
[2026-01-18T09:33:55Z INFO  rv_emu::cpu] Block execution: 0x8000110c to 0x80001110 pop_off
[2026-01-18T09:33:55Z INFO  rv_emu::cpu] Block execution: 0x80001114 to 0x8000111c pop_off
[2026-01-18T09:33:55Z INFO  rv_emu::cpu] Block execution: 0x80001134 to 0x80001140 pop_off
[2026-01-18T09:33:55Z INFO  rv_emu::cpu] Block execution: 0x80002578 to 0x8000258c myproc
[2026-01-18T09:33:55Z INFO  rv_emu::cpu] Block execution: 0x80002ea4 to 0x80002ea4 wakeup
[2026-01-18T09:33:55Z INFO  rv_emu::cpu] Block execution: 0x80002ea8 to 0x80002eac wakeup
[2026-01-18T09:33:55Z INFO  rv_emu::cpu] Block execution: 0x80001084 to 0x8000109c acquire
[2026-01-18T09:33:55Z INFO  rv_emu::cpu] Block execution: 0x8000101c to 0x80001040 push_off
[2026-01-18T09:33:55Z INFO  rv_emu::cpu] Block execution: 0x80002508 to 0x8000253c mycpu
[2026-01-18T09:33:55Z INFO  rv_emu::cpu] Block execution: 0x80001044 to 0x80001048 push_off
[2026-01-18T09:33:55Z INFO  rv_emu::cpu] Block execution: 0x8000104c to 0x8000104c push_off
[2026-01-18T09:33:55Z INFO  rv_emu::cpu] Block execution: 0x80002508 to 0x8000253c mycpu
[2026-01-18T09:33:55Z INFO  rv_emu::cpu] Block execution: 0x80001050 to 0x8000106c push_off
[2026-01-18T09:33:55Z INFO  rv_emu::cpu] Block execution: 0x800010a0 to 0x800010a4 acquire
[2026-01-18T09:33:55Z INFO  rv_emu::cpu] Block execution: 0x80000fd4 to 0x80000fd8 holding
[2026-01-18T09:33:55Z INFO  rv_emu::cpu] Block execution: 0x80000fdc to 0x80000fe0 holding
[2026-01-18T09:33:55Z INFO  rv_emu::cpu] Block execution: 0x800010a8 to 0x800010ac acquire
[2026-01-18T09:33:55Z INFO  rv_emu::cpu] Block execution: 0x800010b0 to 0x800010bc acquire
[2026-01-18T09:33:55Z INFO  rv_emu::cpu] Block execution: 0x800010c0 to 0x800010c4 acquire
[2026-01-18T09:33:55Z INFO  rv_emu::cpu] Block execution: 0x80002508 to 0x8000253c mycpu
[2026-01-18T09:33:55Z INFO  rv_emu::cpu] Block execution: 0x800010c8 to 0x800010dc acquire
[2026-01-18T09:33:55Z INFO  rv_emu::cpu] Block execution: 0x80002eb0 to 0x80002eb4 wakeup
[2026-01-18T09:33:55Z INFO  rv_emu::cpu] Block execution: 0x80002e90 to 0x80002e94 wakeup
[2026-01-18T09:33:55Z INFO  rv_emu::cpu] Block execution: 0x8000115c to 0x80001174 release
[2026-01-18T09:33:55Z INFO  rv_emu::cpu] Block execution: 0x80000fd4 to 0x80000fd8 holding
[2026-01-18T09:33:55Z INFO  rv_emu::cpu] Block execution: 0x80000fe4 to 0x80000ffc holding
[2026-01-18T09:33:55Z INFO  rv_emu::cpu] Block execution: 0x80002508 to 0x8000253c mycpu
[2026-01-18T09:33:55Z INFO  rv_emu::cpu] Block execution: 0x80001000 to 0x80001018 holding
[2026-01-18T09:33:55Z INFO  rv_emu::cpu] Block execution: 0x80001178 to 0x80001178 release
[2026-01-18T09:33:55Z INFO  rv_emu::cpu] Block execution: 0x8000117c to 0x8000118c release
[2026-01-18T09:33:55Z INFO  rv_emu::cpu] Block execution: 0x800010ec to 0x800010fc pop_off
[2026-01-18T09:33:55Z INFO  rv_emu::cpu] Block execution: 0x80002508 to 0x8000253c mycpu
[2026-01-18T09:33:55Z INFO  rv_emu::cpu] Block execution: 0x80001100 to 0x80001108 pop_off
[2026-01-18T09:33:55Z INFO  rv_emu::cpu] Block execution: 0x8000110c to 0x80001110 pop_off
[2026-01-18T09:33:55Z INFO  rv_emu::cpu] Block execution: 0x80001114 to 0x8000111c pop_off
[2026-01-18T09:33:55Z INFO  rv_emu::cpu] Block execution: 0x80001134 to 0x80001140 pop_off
[2026-01-18T09:33:55Z INFO  rv_emu::cpu] Block execution: 0x80001190 to 0x800011a0 release
[2026-01-18T09:33:55Z INFO  rv_emu::cpu] Block execution: 0x80002e98 to 0x80002e9c wakeup
[2026-01-18T09:33:55Z INFO  rv_emu::cpu] Block execution: 0x80002ea0 to 0x80002ea0 wakeup
[2026-01-18T09:33:55Z INFO  rv_emu::cpu] Block execution: 0x80002540 to 0x80002554 myproc
[2026-01-18T09:33:55Z INFO  rv_emu::cpu] Block execution: 0x8000101c to 0x80001040 push_off
[2026-01-18T09:33:55Z INFO  rv_emu::cpu] Block execution: 0x80002508 to 0x8000253c mycpu
[2026-01-18T09:33:55Z INFO  rv_emu::cpu] Block execution: 0x80001044 to 0x80001048 push_off
[2026-01-18T09:33:55Z INFO  rv_emu::cpu] Block execution: 0x8000104c to 0x8000104c push_off
[2026-01-18T09:33:55Z INFO  rv_emu::cpu] Block execution: 0x80002508 to 0x8000253c mycpu
[2026-01-18T09:33:55Z INFO  rv_emu::cpu] Block execution: 0x80001050 to 0x8000106c push_off
[2026-01-18T09:33:55Z INFO  rv_emu::cpu] Block execution: 0x80002558 to 0x80002574 myproc
[2026-01-18T09:33:55Z INFO  rv_emu::cpu] Block execution: 0x800010ec to 0x800010fc pop_off
[2026-01-18T09:33:55Z INFO  rv_emu::cpu] Block execution: 0x80002508 to 0x8000253c mycpu
[2026-01-18T09:33:55Z INFO  rv_emu::cpu] Block execution: 0x80001100 to 0x80001108 pop_off
[2026-01-18T09:33:55Z INFO  rv_emu::cpu] Block execution: 0x8000110c to 0x80001110 pop_off
[2026-01-18T09:33:55Z INFO  rv_emu::cpu] Block execution: 0x80001114 to 0x8000111c pop_off
[2026-01-18T09:33:55Z INFO  rv_emu::cpu] Block execution: 0x80001134 to 0x80001140 pop_off
[2026-01-18T09:33:55Z INFO  rv_emu::cpu] Block execution: 0x80002578 to 0x8000258c myproc
[2026-01-18T09:33:55Z INFO  rv_emu::cpu] Block execution: 0x80002ea4 to 0x80002ea4 wakeup
[2026-01-18T09:33:55Z INFO  rv_emu::cpu] Block execution: 0x80002ea8 to 0x80002eac wakeup
[2026-01-18T09:33:55Z INFO  rv_emu::cpu] Block execution: 0x80001084 to 0x8000109c acquire
[2026-01-18T09:33:55Z INFO  rv_emu::cpu] Block execution: 0x8000101c to 0x80001040 push_off
[2026-01-18T09:33:55Z INFO  rv_emu::cpu] Block execution: 0x80002508 to 0x8000253c mycpu
[2026-01-18T09:33:55Z INFO  rv_emu::cpu] Block execution: 0x80001044 to 0x80001048 push_off
[2026-01-18T09:33:55Z INFO  rv_emu::cpu] Block execution: 0x8000104c to 0x8000104c push_off
[2026-01-18T09:33:55Z INFO  rv_emu::cpu] Block execution: 0x80002508 to 0x8000253c mycpu
[2026-01-18T09:33:55Z INFO  rv_emu::cpu] Block execution: 0x80001050 to 0x8000106c push_off
[2026-01-18T09:33:55Z INFO  rv_emu::cpu] Block execution: 0x800010a0 to 0x800010a4 acquire
[2026-01-18T09:33:55Z INFO  rv_emu::cpu] Block execution: 0x80000fd4 to 0x80000fd8 holding
[2026-01-18T09:33:55Z INFO  rv_emu::cpu] Block execution: 0x80000fdc to 0x80000fe0 holding
[2026-01-18T09:33:55Z INFO  rv_emu::cpu] Block execution: 0x800010a8 to 0x800010ac acquire
[2026-01-18T09:33:55Z INFO  rv_emu::cpu] Block execution: 0x800010b0 to 0x800010bc acquire
[2026-01-18T09:33:55Z INFO  rv_emu::cpu] Block execution: 0x800010c0 to 0x800010c4 acquire
[2026-01-18T09:33:55Z INFO  rv_emu::cpu] Block execution: 0x80002508 to 0x8000253c mycpu
[2026-01-18T09:33:55Z INFO  rv_emu::cpu] Block execution: 0x800010c8 to 0x800010dc acquire
[2026-01-18T09:33:55Z INFO  rv_emu::cpu] Block execution: 0x80002eb0 to 0x80002eb4 wakeup
[2026-01-18T09:33:55Z INFO  rv_emu::cpu] Block execution: 0x80002e90 to 0x80002e94 wakeup
[2026-01-18T09:33:55Z INFO  rv_emu::cpu] Block execution: 0x8000115c to 0x80001174 release
[2026-01-18T09:33:55Z INFO  rv_emu::cpu] Block execution: 0x80000fd4 to 0x80000fd8 holding
[2026-01-18T09:33:55Z INFO  rv_emu::cpu] Block execution: 0x80000fe4 to 0x80000ffc holding
[2026-01-18T09:33:55Z INFO  rv_emu::cpu] Block execution: 0x80002508 to 0x8000253c mycpu
[2026-01-18T09:33:55Z INFO  rv_emu::cpu] Block execution: 0x80001000 to 0x80001018 holding
[2026-01-18T09:33:55Z INFO  rv_emu::cpu] Block execution: 0x80001178 to 0x80001178 release
[2026-01-18T09:33:55Z INFO  rv_emu::cpu] Block execution: 0x8000117c to 0x8000118c release
[2026-01-18T09:33:55Z INFO  rv_emu::cpu] Block execution: 0x800010ec to 0x800010fc pop_off
[2026-01-18T09:33:55Z INFO  rv_emu::cpu] Block execution: 0x80002508 to 0x8000253c mycpu
[2026-01-18T09:33:55Z INFO  rv_emu::cpu] Block execution: 0x80001100 to 0x80001108 pop_off
[2026-01-18T09:33:55Z INFO  rv_emu::cpu] Block execution: 0x8000110c to 0x80001110 pop_off
[2026-01-18T09:33:55Z INFO  rv_emu::cpu] Block execution: 0x80001114 to 0x8000111c pop_off
[2026-01-18T09:33:55Z INFO  rv_emu::cpu] Block execution: 0x80001134 to 0x80001140 pop_off
[2026-01-18T09:33:55Z INFO  rv_emu::cpu] Block execution: 0x80001190 to 0x800011a0 release
[2026-01-18T09:33:55Z INFO  rv_emu::cpu] Block execution: 0x80002e98 to 0x80002e9c wakeup
[2026-01-18T09:33:55Z INFO  rv_emu::cpu] Block execution: 0x80002ec8 to 0x80002ee8 wakeup
[2026-01-18T09:33:55Z INFO  rv_emu::cpu] Block execution: 0x80005ab4 to 0x80005ab8 releasesleep
[2026-01-18T09:33:55Z INFO  rv_emu::cpu] Block execution: 0x8000115c to 0x80001174 release
[2026-01-18T09:33:55Z INFO  rv_emu::cpu] Block execution: 0x80000fd4 to 0x80000fd8 holding
[2026-01-18T09:33:55Z INFO  rv_emu::cpu] Block execution: 0x80000fe4 to 0x80000ffc holding
[2026-01-18T09:33:55Z INFO  rv_emu::cpu] Block execution: 0x80002508 to 0x8000253c mycpu
[2026-01-18T09:33:55Z INFO  rv_emu::cpu] Block execution: 0x80001000 to 0x80001018 holding
[2026-01-18T09:33:55Z INFO  rv_emu::cpu] Block execution: 0x80001178 to 0x80001178 release
[2026-01-18T09:33:55Z INFO  rv_emu::cpu] Block execution: 0x8000117c to 0x8000118c release
[2026-01-18T09:33:55Z INFO  rv_emu::cpu] Block execution: 0x800010ec to 0x800010fc pop_off
[2026-01-18T09:33:55Z INFO  rv_emu::cpu] Block execution: 0x80002508 to 0x8000253c mycpu
[2026-01-18T09:33:55Z INFO  rv_emu::cpu] Block execution: 0x80001100 to 0x80001108 pop_off
[2026-01-18T09:33:55Z INFO  rv_emu::cpu] Block execution: 0x8000110c to 0x80001110 pop_off
[2026-01-18T09:33:55Z INFO  rv_emu::cpu] Block execution: 0x80001114 to 0x8000111c pop_off
[2026-01-18T09:33:55Z INFO  rv_emu::cpu] Block execution: 0x80001120 to 0x80001124 pop_off
[2026-01-18T09:33:55Z INFO  rv_emu::cpu] Block execution: 0x80001128 to 0x80001140 pop_off
[2026-01-18T09:33:55Z INFO  rv_emu::cpu] Block execution: 0x80001190 to 0x800011a0 release
[2026-01-18T09:33:55Z INFO  rv_emu::cpu] Block execution: 0x80005abc to 0x80005ad0 releasesleep
[2026-01-18T09:33:55Z INFO  rv_emu::cpu] Block execution: 0x800040e8 to 0x800040f0 brelse
[2026-01-18T09:33:55Z INFO  rv_emu::cpu] Block execution: 0x80001084 to 0x8000109c acquire
[2026-01-18T09:33:55Z INFO  rv_emu::cpu] Block execution: 0x8000101c to 0x80001040 push_off
[2026-01-18T09:33:55Z INFO  rv_emu::cpu] Block execution: 0x80002508 to 0x8000253c mycpu
[2026-01-18T09:33:55Z INFO  rv_emu::cpu] Block execution: 0x80001044 to 0x80001048 push_off
[2026-01-18T09:33:55Z INFO  rv_emu::cpu] Block execution: 0x80001070 to 0x80001070 push_off
[2026-01-18T09:33:55Z INFO  rv_emu::cpu] Block execution: 0x80002508 to 0x8000253c mycpu
[2026-01-18T09:33:55Z INFO  rv_emu::cpu] Block execution: 0x80001074 to 0x80001080 push_off
[2026-01-18T09:33:55Z INFO  rv_emu::cpu] Block execution: 0x8000104c to 0x8000104c push_off
[2026-01-18T09:33:55Z INFO  rv_emu::cpu] Block execution: 0x80002508 to 0x8000253c mycpu
[2026-01-18T09:33:55Z INFO  rv_emu::cpu] Block execution: 0x80001050 to 0x8000106c push_off
[2026-01-18T09:33:55Z INFO  rv_emu::cpu] Block execution: 0x800010a0 to 0x800010a4 acquire
[2026-01-18T09:33:55Z INFO  rv_emu::cpu] Block execution: 0x80000fd4 to 0x80000fd8 holding
[2026-01-18T09:33:55Z INFO  rv_emu::cpu] Block execution: 0x80000fdc to 0x80000fe0 holding
[2026-01-18T09:33:55Z INFO  rv_emu::cpu] Block execution: 0x800010a8 to 0x800010ac acquire
[2026-01-18T09:33:55Z INFO  rv_emu::cpu] Block execution: 0x800010b0 to 0x800010bc acquire
[2026-01-18T09:33:55Z INFO  rv_emu::cpu] Block execution: 0x800010c0 to 0x800010c4 acquire
[2026-01-18T09:33:55Z INFO  rv_emu::cpu] Block execution: 0x80002508 to 0x8000253c mycpu
[2026-01-18T09:33:55Z INFO  rv_emu::cpu] Block execution: 0x800010c8 to 0x800010dc acquire
[2026-01-18T09:33:55Z INFO  rv_emu::cpu] Block execution: 0x800040f4 to 0x80004100 brelse
[2026-01-18T09:33:55Z INFO  rv_emu::cpu] Block execution: 0x80004104 to 0x80004148 brelse
[2026-01-18T09:33:55Z INFO  rv_emu::cpu] Block execution: 0x8000115c to 0x80001174 release
[2026-01-18T09:33:55Z INFO  rv_emu::cpu] Block execution: 0x80000fd4 to 0x80000fd8 holding
[2026-01-18T09:33:55Z INFO  rv_emu::cpu] Block execution: 0x80000fe4 to 0x80000ffc holding
[2026-01-18T09:33:55Z INFO  rv_emu::cpu] Block execution: 0x80002508 to 0x8000253c mycpu
[2026-01-18T09:33:55Z INFO  rv_emu::cpu] Block execution: 0x80001000 to 0x80001018 holding
[2026-01-18T09:33:55Z INFO  rv_emu::cpu] Block execution: 0x80001178 to 0x80001178 release
[2026-01-18T09:33:55Z INFO  rv_emu::cpu] Block execution: 0x8000117c to 0x8000118c release
[2026-01-18T09:33:55Z INFO  rv_emu::cpu] Block execution: 0x800010ec to 0x800010fc pop_off
[2026-01-18T09:33:55Z INFO  rv_emu::cpu] Block execution: 0x80002508 to 0x8000253c mycpu
[2026-01-18T09:33:55Z INFO  rv_emu::cpu] Block execution: 0x80001100 to 0x80001108 pop_off
[2026-01-18T09:33:55Z INFO  rv_emu::cpu] Block execution: 0x8000110c to 0x80001110 pop_off
[2026-01-18T09:33:55Z INFO  rv_emu::cpu] Block execution: 0x80001114 to 0x8000111c pop_off
[2026-01-18T09:33:55Z INFO  rv_emu::cpu] Block execution: 0x80001120 to 0x80001124 pop_off
[2026-01-18T09:33:55Z INFO  rv_emu::cpu] Block execution: 0x80001128 to 0x80001140 pop_off
[2026-01-18T09:33:55Z INFO  rv_emu::cpu] Block execution: 0x80001190 to 0x800011a0 release
[2026-01-18T09:33:55Z INFO  rv_emu::cpu] Block execution: 0x8000414c to 0x80004160 brelse
[2026-01-18T09:33:55Z INFO  rv_emu::cpu] Block execution: 0x800054a0 to 0x800054b4 write_head
[2026-01-18T09:33:55Z INFO  rv_emu::cpu] Block execution: 0x80005654 to 0x8000566c initlog
[2026-01-18T09:33:55Z INFO  rv_emu::cpu] Block execution: 0x80004698 to 0x800046b0 fsinit
[2026-01-18T09:33:55Z INFO  rv_emu::cpu] Block execution: 0x800025d0 to 0x800025dc forkret
[2026-01-18T09:33:55Z INFO  rv_emu::cpu] Block execution: 0x800025b4 to 0x800025b4 forkret
[2026-01-18T09:33:55Z INFO  rv_emu::cpu] Block execution: 0x80003578 to 0x80003588 usertrapret
[2026-01-18T09:33:55Z INFO  rv_emu::cpu] Block execution: 0x80002540 to 0x80002554 myproc
[2026-01-18T09:33:55Z INFO  rv_emu::cpu] Block execution: 0x8000101c to 0x80001040 push_off
[2026-01-18T09:33:55Z INFO  rv_emu::cpu] Block execution: 0x80002508 to 0x8000253c mycpu
[2026-01-18T09:33:55Z INFO  rv_emu::cpu] Block execution: 0x80001044 to 0x80001048 push_off
[2026-01-18T09:33:55Z INFO  rv_emu::cpu] Block execution: 0x80001070 to 0x80001070 push_off
[2026-01-18T09:33:55Z INFO  rv_emu::cpu] Block execution: 0x80002508 to 0x8000253c mycpu
[2026-01-18T09:33:55Z INFO  rv_emu::cpu] Block execution: 0x80001074 to 0x80001080 push_off
[2026-01-18T09:33:55Z INFO  rv_emu::cpu] Block execution: 0x8000104c to 0x8000104c push_off
[2026-01-18T09:33:55Z INFO  rv_emu::cpu] Block execution: 0x80002508 to 0x8000253c mycpu
[2026-01-18T09:33:55Z INFO  rv_emu::cpu] Block execution: 0x80001050 to 0x8000106c push_off
[2026-01-18T09:33:55Z INFO  rv_emu::cpu] Block execution: 0x80002558 to 0x80002574 myproc
[2026-01-18T09:33:55Z INFO  rv_emu::cpu] Block execution: 0x800010ec to 0x800010fc pop_off
[2026-01-18T09:33:55Z INFO  rv_emu::cpu] Block execution: 0x80002508 to 0x8000253c mycpu
[2026-01-18T09:33:55Z INFO  rv_emu::cpu] Block execution: 0x80001100 to 0x80001108 pop_off
[2026-01-18T09:33:55Z INFO  rv_emu::cpu] Block execution: 0x8000110c to 0x80001110 pop_off
[2026-01-18T09:33:55Z INFO  rv_emu::cpu] Block execution: 0x80001114 to 0x8000111c pop_off
[2026-01-18T09:33:55Z INFO  rv_emu::cpu] Block execution: 0x80001120 to 0x80001124 pop_off
[2026-01-18T09:33:55Z INFO  rv_emu::cpu] Block execution: 0x80001128 to 0x80001140 pop_off
[2026-01-18T09:33:55Z INFO  rv_emu::cpu] Block execution: 0x80002578 to 0x8000258c myproc
[2026-01-18T09:33:55Z INFO  rv_emu::cpu] Block execution: 0x8000358c to 0x8000363c usertrapret
[2026-01-18T09:33:55Z INFO  rv_emu::cpu] Block execution: 0x3ffffff0b0 to 0x3ffffff144 userret
[2026-01-18T09:33:55Z INFO  rv_emu::cpu] Block execution: 0x0 to 0x14 UNKNOWN
[2026-01-18T09:33:55Z INFO  rv_emu::cpu] Block execution: 0x3ffffff000 to 0x3ffffff0ac userret
[2026-01-18T09:33:55Z INFO  rv_emu::cpu] Block execution: 0x8000377c to 0x8000379c usertrap
[2026-01-18T09:33:55Z INFO  rv_emu::cpu] Block execution: 0x800037a0 to 0x800037ac usertrap
[2026-01-18T09:33:55Z INFO  rv_emu::cpu] Block execution: 0x80002540 to 0x80002554 myproc
[2026-01-18T09:33:55Z INFO  rv_emu::cpu] Block execution: 0x8000101c to 0x80001040 push_off
[2026-01-18T09:33:55Z INFO  rv_emu::cpu] Block execution: 0x80002508 to 0x8000253c mycpu
[2026-01-18T09:33:55Z INFO  rv_emu::cpu] Block execution: 0x80001044 to 0x80001048 push_off
[2026-01-18T09:33:55Z INFO  rv_emu::cpu] Block execution: 0x80001070 to 0x80001070 push_off
[2026-01-18T09:33:55Z INFO  rv_emu::cpu] Block execution: 0x80002508 to 0x8000253c mycpu
[2026-01-18T09:33:55Z INFO  rv_emu::cpu] Block execution: 0x80001074 to 0x80001080 push_off
[2026-01-18T09:33:55Z INFO  rv_emu::cpu] Block execution: 0x8000104c to 0x8000104c push_off
[2026-01-18T09:33:55Z INFO  rv_emu::cpu] Block execution: 0x80002508 to 0x8000253c mycpu
[2026-01-18T09:33:55Z INFO  rv_emu::cpu] Block execution: 0x80001050 to 0x8000106c push_off
[2026-01-18T09:33:55Z INFO  rv_emu::cpu] Block execution: 0x80002558 to 0x80002574 myproc
[2026-01-18T09:33:55Z INFO  rv_emu::cpu] Block execution: 0x800010ec to 0x800010fc pop_off
[2026-01-18T09:33:55Z INFO  rv_emu::cpu] Block execution: 0x80002508 to 0x8000253c mycpu
[2026-01-18T09:33:55Z INFO  rv_emu::cpu] Block execution: 0x80001100 to 0x80001108 pop_off
[2026-01-18T09:33:55Z INFO  rv_emu::cpu] Block execution: 0x8000110c to 0x80001110 pop_off
[2026-01-18T09:33:55Z INFO  rv_emu::cpu] Block execution: 0x80001114 to 0x8000111c pop_off
[2026-01-18T09:33:55Z INFO  rv_emu::cpu] Block execution: 0x80001120 to 0x80001124 pop_off
[2026-01-18T09:33:55Z INFO  rv_emu::cpu] Block execution: 0x80001134 to 0x80001140 pop_off
[2026-01-18T09:33:55Z INFO  rv_emu::cpu] Block execution: 0x80002578 to 0x8000258c myproc
[2026-01-18T09:33:55Z INFO  rv_emu::cpu] Block execution: 0x800037b0 to 0x800037c8 usertrap
[2026-01-18T09:33:55Z INFO  rv_emu::cpu] Block execution: 0x800037f4 to 0x800037f4 usertrap
[2026-01-18T09:33:55Z INFO  rv_emu::cpu] Block execution: 0x80003114 to 0x80003130 killed
[2026-01-18T09:33:55Z INFO  rv_emu::cpu] Block execution: 0x80001084 to 0x8000109c acquire
[2026-01-18T09:33:55Z INFO  rv_emu::cpu] Block execution: 0x8000101c to 0x80001040 push_off
[2026-01-18T09:33:55Z INFO  rv_emu::cpu] Block execution: 0x80002508 to 0x8000253c mycpu
[2026-01-18T09:33:55Z INFO  rv_emu::cpu] Block execution: 0x80001044 to 0x80001048 push_off
[2026-01-18T09:33:55Z INFO  rv_emu::cpu] Block execution: 0x80001070 to 0x80001070 push_off
[2026-01-18T09:33:55Z INFO  rv_emu::cpu] Block execution: 0x80002508 to 0x8000253c mycpu
[2026-01-18T09:33:55Z INFO  rv_emu::cpu] Block execution: 0x80001074 to 0x80001080 push_off
[2026-01-18T09:33:55Z INFO  rv_emu::cpu] Block execution: 0x8000104c to 0x8000104c push_off
[2026-01-18T09:33:55Z INFO  rv_emu::cpu] Block execution: 0x80002508 to 0x8000253c mycpu
[2026-01-18T09:33:55Z INFO  rv_emu::cpu] Block execution: 0x80001050 to 0x8000106c push_off
[2026-01-18T09:33:55Z INFO  rv_emu::cpu] Block execution: 0x800010a0 to 0x800010a4 acquire
[2026-01-18T09:33:55Z INFO  rv_emu::cpu] Block execution: 0x80000fd4 to 0x80000fd8 holding
[2026-01-18T09:33:55Z INFO  rv_emu::cpu] Block execution: 0x80000fdc to 0x80000fe0 holding
[2026-01-18T09:33:55Z INFO  rv_emu::cpu] Block execution: 0x800010a8 to 0x800010ac acquire
[2026-01-18T09:33:55Z INFO  rv_emu::cpu] Block execution: 0x800010b0 to 0x800010bc acquire
[2026-01-18T09:33:55Z INFO  rv_emu::cpu] Block execution: 0x800010c0 to 0x800010c4 acquire
[2026-01-18T09:33:55Z INFO  rv_emu::cpu] Block execution: 0x80002508 to 0x8000253c mycpu
[2026-01-18T09:33:55Z INFO  rv_emu::cpu] Block execution: 0x800010c8 to 0x800010dc acquire
[2026-01-18T09:33:55Z INFO  rv_emu::cpu] Block execution: 0x80003134 to 0x8000313c killed
[2026-01-18T09:33:55Z INFO  rv_emu::cpu] Block execution: 0x8000115c to 0x80001174 release
[2026-01-18T09:33:55Z INFO  rv_emu::cpu] Block execution: 0x80000fd4 to 0x80000fd8 holding
[2026-01-18T09:33:55Z INFO  rv_emu::cpu] Block execution: 0x80000fe4 to 0x80000ffc holding
[2026-01-18T09:33:55Z INFO  rv_emu::cpu] Block execution: 0x80002508 to 0x8000253c mycpu
[2026-01-18T09:33:55Z INFO  rv_emu::cpu] Block execution: 0x80001000 to 0x80001018 holding
[2026-01-18T09:33:55Z INFO  rv_emu::cpu] Block execution: 0x80001178 to 0x80001178 release
[2026-01-18T09:33:55Z INFO  rv_emu::cpu] Block execution: 0x8000117c to 0x8000118c release
[2026-01-18T09:33:55Z INFO  rv_emu::cpu] Block execution: 0x800010ec to 0x800010fc pop_off
[2026-01-18T09:33:55Z INFO  rv_emu::cpu] Block execution: 0x80002508 to 0x8000253c mycpu
[2026-01-18T09:33:55Z INFO  rv_emu::cpu] Block execution: 0x80001100 to 0x80001108 pop_off
[2026-01-18T09:33:55Z INFO  rv_emu::cpu] Block execution: 0x8000110c to 0x80001110 pop_off
[2026-01-18T09:33:55Z INFO  rv_emu::cpu] Block execution: 0x80001114 to 0x8000111c pop_off
[2026-01-18T09:33:55Z INFO  rv_emu::cpu] Block execution: 0x80001120 to 0x80001124 pop_off
[2026-01-18T09:33:55Z INFO  rv_emu::cpu] Block execution: 0x80001134 to 0x80001140 pop_off
[2026-01-18T09:33:55Z INFO  rv_emu::cpu] Block execution: 0x80001190 to 0x800011a0 release
[2026-01-18T09:33:55Z INFO  rv_emu::cpu] Block execution: 0x80003140 to 0x80003158 killed
[2026-01-18T09:33:55Z INFO  rv_emu::cpu] Block execution: 0x800037f8 to 0x800037f8 usertrap
[2026-01-18T09:33:55Z INFO  rv_emu::cpu] Block execution: 0x800037fc to 0x80003818 usertrap
[2026-01-18T09:33:55Z INFO  rv_emu::cpu] Block execution: 0x80003b98 to 0x80003bb0 syscall
[2026-01-18T09:33:55Z INFO  rv_emu::cpu] Block execution: 0x80002540 to 0x80002554 myproc
[2026-01-18T09:33:55Z INFO  rv_emu::cpu] Block execution: 0x8000101c to 0x80001040 push_off
[2026-01-18T09:33:55Z INFO  rv_emu::cpu] Block execution: 0x80002508 to 0x8000253c mycpu
[2026-01-18T09:33:55Z INFO  rv_emu::cpu] Block execution: 0x80001044 to 0x80001048 push_off
[2026-01-18T09:33:55Z INFO  rv_emu::cpu] Block execution: 0x80001070 to 0x80001070 push_off
[2026-01-18T09:33:55Z INFO  rv_emu::cpu] Block execution: 0x80002508 to 0x8000253c mycpu
[2026-01-18T09:33:55Z INFO  rv_emu::cpu] Block execution: 0x80001074 to 0x80001080 push_off
[2026-01-18T09:33:55Z INFO  rv_emu::cpu] Block execution: 0x8000104c to 0x8000104c push_off
[2026-01-18T09:33:55Z INFO  rv_emu::cpu] Block execution: 0x80002508 to 0x8000253c mycpu
[2026-01-18T09:33:55Z INFO  rv_emu::cpu] Block execution: 0x80001050 to 0x8000106c push_off
[2026-01-18T09:33:55Z INFO  rv_emu::cpu] Block execution: 0x80002558 to 0x80002574 myproc
[2026-01-18T09:33:55Z INFO  rv_emu::cpu] Block execution: 0x800010ec to 0x800010fc pop_off
[2026-01-18T09:33:55Z INFO  rv_emu::cpu] Block execution: 0x80002508 to 0x8000253c mycpu
[2026-01-18T09:33:55Z INFO  rv_emu::cpu] Block execution: 0x80001100 to 0x80001108 pop_off
[2026-01-18T09:33:55Z INFO  rv_emu::cpu] Block execution: 0x8000110c to 0x80001110 pop_off
[2026-01-18T09:33:55Z INFO  rv_emu::cpu] Block execution: 0x80001114 to 0x8000111c pop_off
[2026-01-18T09:33:55Z INFO  rv_emu::cpu] Block execution: 0x80001120 to 0x80001124 pop_off
[2026-01-18T09:33:55Z INFO  rv_emu::cpu] Block execution: 0x80001128 to 0x80001140 pop_off
[2026-01-18T09:33:55Z INFO  rv_emu::cpu] Block execution: 0x80002578 to 0x8000258c myproc
[2026-01-18T09:33:55Z INFO  rv_emu::cpu] Block execution: 0x80003bb4 to 0x80003bcc syscall
[2026-01-18T09:33:55Z INFO  rv_emu::cpu] Block execution: 0x80003bd0 to 0x80003be4 syscall
[2026-01-18T09:33:55Z INFO  rv_emu::cpu] Block execution: 0x80003be8 to 0x80003be8 syscall
[2026-01-18T09:33:55Z INFO  rv_emu::cpu] Block execution: 0x800075f0 to 0x80007608 sys_exec
[2026-01-18T09:33:55Z INFO  rv_emu::cpu] Block execution: 0x80003b1c to 0x80003b34 argaddr
[2026-01-18T09:33:55Z INFO  rv_emu::cpu] Block execution: 0x8000395c to 0x80003974 argraw
[2026-01-18T09:33:55Z INFO  rv_emu::cpu] Block execution: 0x80002540 to 0x80002554 myproc
[2026-01-18T09:33:55Z INFO  rv_emu::cpu] Block execution: 0x8000101c to 0x80001040 push_off
[2026-01-18T09:33:55Z INFO  rv_emu::cpu] Block execution: 0x80002508 to 0x8000253c mycpu
[2026-01-18T09:33:55Z INFO  rv_emu::cpu] Block execution: 0x80001044 to 0x80001048 push_off
[2026-01-18T09:33:55Z INFO  rv_emu::cpu] Block execution: 0x80001070 to 0x80001070 push_off
[2026-01-18T09:33:55Z INFO  rv_emu::cpu] Block execution: 0x80002508 to 0x8000253c mycpu
[2026-01-18T09:33:55Z INFO  rv_emu::cpu] Block execution: 0x80001074 to 0x80001080 push_off
[2026-01-18T09:33:55Z INFO  rv_emu::cpu] Block execution: 0x8000104c to 0x8000104c push_off
[2026-01-18T09:33:55Z INFO  rv_emu::cpu] Block execution: 0x80002508 to 0x8000253c mycpu
[2026-01-18T09:33:55Z INFO  rv_emu::cpu] Block execution: 0x80001050 to 0x8000106c push_off
[2026-01-18T09:33:55Z INFO  rv_emu::cpu] Block execution: 0x80002558 to 0x80002574 myproc
[2026-01-18T09:33:55Z INFO  rv_emu::cpu] Block execution: 0x800010ec to 0x800010fc pop_off
[2026-01-18T09:33:55Z INFO  rv_emu::cpu] Block execution: 0x80002508 to 0x8000253c mycpu
[2026-01-18T09:33:55Z INFO  rv_emu::cpu] Block execution: 0x80001100 to 0x80001108 pop_off
[2026-01-18T09:33:55Z INFO  rv_emu::cpu] Block execution: 0x8000110c to 0x80001110 pop_off
[2026-01-18T09:33:55Z INFO  rv_emu::cpu] Block execution: 0x80001114 to 0x8000111c pop_off
[2026-01-18T09:33:55Z INFO  rv_emu::cpu] Block execution: 0x80001120 to 0x80001124 pop_off
[2026-01-18T09:33:55Z INFO  rv_emu::cpu] Block execution: 0x80001128 to 0x80001140 pop_off
[2026-01-18T09:33:55Z INFO  rv_emu::cpu] Block execution: 0x80002578 to 0x8000258c myproc
[2026-01-18T09:33:55Z INFO  rv_emu::cpu] Block execution: 0x80003978 to 0x8000397c argraw
[2026-01-18T09:33:55Z INFO  rv_emu::cpu] Block execution: 0x80003980 to 0x80003998 argraw
[2026-01-18T09:33:55Z INFO  rv_emu::cpu] Block execution: 0x800039b8 to 0x800039c0 argraw
[2026-01-18T09:33:55Z INFO  rv_emu::cpu] Block execution: 0x800039a4 to 0x800039b4 argraw
[2026-01-18T09:33:55Z INFO  rv_emu::cpu] Block execution: 0x80003b38 to 0x80003b4c argaddr
[2026-01-18T09:33:55Z INFO  rv_emu::cpu] Block execution: 0x8000760c to 0x80007618 sys_exec
[2026-01-18T09:33:55Z INFO  rv_emu::cpu] Block execution: 0x80003b50 to 0x80003b70 argstr
[2026-01-18T09:33:55Z INFO  rv_emu::cpu] Block execution: 0x8000395c to 0x80003974 argraw
[2026-01-18T09:33:55Z INFO  rv_emu::cpu] Block execution: 0x80002540 to 0x80002554 myproc
[2026-01-18T09:33:55Z INFO  rv_emu::cpu] Block execution: 0x8000101c to 0x80001040 push_off
[2026-01-18T09:33:55Z INFO  rv_emu::cpu] Block execution: 0x80002508 to 0x8000253c mycpu
[2026-01-18T09:33:55Z INFO  rv_emu::cpu] Block execution: 0x80001044 to 0x80001048 push_off
[2026-01-18T09:33:55Z INFO  rv_emu::cpu] Block execution: 0x80001070 to 0x80001070 push_off
[2026-01-18T09:33:55Z INFO  rv_emu::cpu] Block execution: 0x80002508 to 0x8000253c mycpu
[2026-01-18T09:33:55Z INFO  rv_emu::cpu] Block execution: 0x80001074 to 0x80001080 push_off
[2026-01-18T09:33:55Z INFO  rv_emu::cpu] Block execution: 0x8000104c to 0x8000104c push_off
[2026-01-18T09:33:55Z INFO  rv_emu::cpu] Block execution: 0x80002508 to 0x8000253c mycpu
[2026-01-18T09:33:55Z INFO  rv_emu::cpu] Block execution: 0x80001050 to 0x8000106c push_off
[2026-01-18T09:33:55Z INFO  rv_emu::cpu] Block execution: 0x80002558 to 0x80002574 myproc
[2026-01-18T09:33:55Z INFO  rv_emu::cpu] Block execution: 0x800010ec to 0x800010fc pop_off
[2026-01-18T09:33:55Z INFO  rv_emu::cpu] Block execution: 0x80002508 to 0x8000253c mycpu
[2026-01-18T09:33:55Z INFO  rv_emu::cpu] Block execution: 0x80001100 to 0x80001108 pop_off
[2026-01-18T09:33:55Z INFO  rv_emu::cpu] Block execution: 0x8000110c to 0x80001110 pop_off
[2026-01-18T09:33:55Z INFO  rv_emu::cpu] Block execution: 0x80001114 to 0x8000111c pop_off
[2026-01-18T09:33:55Z INFO  rv_emu::cpu] Block execution: 0x80001120 to 0x80001124 pop_off
[2026-01-18T09:33:55Z INFO  rv_emu::cpu] Block execution: 0x80001128 to 0x80001140 pop_off
[2026-01-18T09:33:55Z INFO  rv_emu::cpu] Block execution: 0x80002578 to 0x8000258c myproc
[2026-01-18T09:33:55Z INFO  rv_emu::cpu] Block execution: 0x80003978 to 0x8000397c argraw
[2026-01-18T09:33:55Z INFO  rv_emu::cpu] Block execution: 0x80003980 to 0x80003998 argraw
[2026-01-18T09:33:55Z INFO  rv_emu::cpu] Block execution: 0x8000399c to 0x800039b4 argraw
[2026-01-18T09:33:55Z INFO  rv_emu::cpu] Block execution: 0x80003b74 to 0x80003b7c argstr
[2026-01-18T09:33:55Z INFO  rv_emu::cpu] Block execution: 0x80003a78 to 0x80003aa0 fetchstr
[2026-01-18T09:33:55Z INFO  rv_emu::cpu] Block execution: 0x80002540 to 0x80002554 myproc
[2026-01-18T09:33:55Z INFO  rv_emu::cpu] Block execution: 0x8000101c to 0x80001040 push_off
[2026-01-18T09:33:55Z INFO  rv_emu::cpu] Block execution: 0x80002508 to 0x8000253c mycpu
[2026-01-18T09:33:55Z INFO  rv_emu::cpu] Block execution: 0x80001044 to 0x80001048 push_off
[2026-01-18T09:33:55Z INFO  rv_emu::cpu] Block execution: 0x80001070 to 0x80001070 push_off
[2026-01-18T09:33:55Z INFO  rv_emu::cpu] Block execution: 0x80002508 to 0x8000253c mycpu
[2026-01-18T09:33:55Z INFO  rv_emu::cpu] Block execution: 0x80001074 to 0x80001080 push_off
[2026-01-18T09:33:55Z INFO  rv_emu::cpu] Block execution: 0x8000104c to 0x8000104c push_off
[2026-01-18T09:33:55Z INFO  rv_emu::cpu] Block execution: 0x80002508 to 0x8000253c mycpu
[2026-01-18T09:33:55Z INFO  rv_emu::cpu] Block execution: 0x80001050 to 0x8000106c push_off
[2026-01-18T09:33:55Z INFO  rv_emu::cpu] Block execution: 0x80002558 to 0x80002574 myproc
[2026-01-18T09:33:55Z INFO  rv_emu::cpu] Block execution: 0x800010ec to 0x800010fc pop_off
[2026-01-18T09:33:55Z INFO  rv_emu::cpu] Block execution: 0x80002508 to 0x8000253c mycpu
[2026-01-18T09:33:55Z INFO  rv_emu::cpu] Block execution: 0x80001100 to 0x80001108 pop_off
[2026-01-18T09:33:55Z INFO  rv_emu::cpu] Block execution: 0x8000110c to 0x80001110 pop_off
[2026-01-18T09:33:55Z INFO  rv_emu::cpu] Block execution: 0x80001114 to 0x8000111c pop_off
[2026-01-18T09:33:55Z INFO  rv_emu::cpu] Block execution: 0x80001120 to 0x80001124 pop_off
[2026-01-18T09:33:55Z INFO  rv_emu::cpu] Block execution: 0x80001128 to 0x80001140 pop_off
[2026-01-18T09:33:55Z INFO  rv_emu::cpu] Block execution: 0x80002578 to 0x8000258c myproc
[2026-01-18T09:33:55Z INFO  rv_emu::cpu] Block execution: 0x80003aa4 to 0x80003ab4 fetchstr
[2026-01-18T09:33:55Z INFO  rv_emu::cpu] Block execution: 0x80002200 to 0x80002244 copyinstr
[2026-01-18T09:33:55Z INFO  rv_emu::cpu] Block execution: 0x80002288 to 0x80002288 copyinstr
[2026-01-18T09:33:55Z INFO  rv_emu::cpu] Block execution: 0x8000228c to 0x80002298 copyinstr
[2026-01-18T09:33:55Z INFO  rv_emu::cpu] Block execution: 0x80001710 to 0x80001718 walkaddr
[2026-01-18T09:33:55Z INFO  rv_emu::cpu] Block execution: 0x80001724 to 0x80001738 walkaddr
[2026-01-18T09:33:55Z INFO  rv_emu::cpu] Block execution: 0x80001620 to 0x80001664 walk
[2026-01-18T09:33:55Z INFO  rv_emu::cpu] Block execution: 0x80001668 to 0x80001680 walk
[2026-01-18T09:33:55Z INFO  rv_emu::cpu] Block execution: 0x80001684 to 0x80001690 walk
[2026-01-18T09:33:55Z INFO  rv_emu::cpu] Block execution: 0x80001668 to 0x80001680 walk
[2026-01-18T09:33:55Z INFO  rv_emu::cpu] Block execution: 0x80001684 to 0x80001690 walk
[2026-01-18T09:33:55Z INFO  rv_emu::cpu] Block execution: 0x80001694 to 0x800016c8 walk
[2026-01-18T09:33:55Z INFO  rv_emu::cpu] Block execution: 0x8000173c to 0x8000173c walkaddr
[2026-01-18T09:33:55Z INFO  rv_emu::cpu] Block execution: 0x80001740 to 0x80001750 walkaddr
[2026-01-18T09:33:55Z INFO  rv_emu::cpu] Block execution: 0x80001764 to 0x8000176c walkaddr
[2026-01-18T09:33:55Z INFO  rv_emu::cpu] Block execution: 0x80001754 to 0x80001760 walkaddr
[2026-01-18T09:33:55Z INFO  rv_emu::cpu] Block execution: 0x8000229c to 0x8000229c copyinstr
[2026-01-18T09:33:55Z INFO  rv_emu::cpu] Block execution: 0x800022a0 to 0x800022a8 copyinstr
[2026-01-18T09:33:55Z INFO  rv_emu::cpu] Block execution: 0x800022ac to 0x800022b8 copyinstr
[2026-01-18T09:33:55Z INFO  rv_emu::cpu] Block execution: 0x800022bc to 0x800022d4 copyinstr
[2026-01-18T09:33:55Z INFO  rv_emu::cpu] Block execution: 0x800022d8 to 0x800022e0 copyinstr
[2026-01-18T09:33:55Z INFO  rv_emu::cpu] Block execution: 0x800022c8 to 0x800022d4 copyinstr
[2026-01-18T09:33:55Z INFO  rv_emu::cpu] Block execution: 0x800022d8 to 0x800022e0 copyinstr
[2026-01-18T09:33:55Z INFO  rv_emu::cpu] Block execution: 0x800022c8 to 0x800022d4 copyinstr
[2026-01-18T09:33:55Z INFO  rv_emu::cpu] Block execution: 0x800022d8 to 0x800022e0 copyinstr
[2026-01-18T09:33:55Z INFO  rv_emu::cpu] Block execution: 0x800022c8 to 0x800022d4 copyinstr
[2026-01-18T09:33:55Z INFO  rv_emu::cpu] Block execution: 0x800022d8 to 0x800022e0 copyinstr
[2026-01-18T09:33:55Z INFO  rv_emu::cpu] Block execution: 0x800022c8 to 0x800022d4 copyinstr
[2026-01-18T09:33:55Z INFO  rv_emu::cpu] Block execution: 0x800022d8 to 0x800022e0 copyinstr
[2026-01-18T09:33:55Z INFO  rv_emu::cpu] Block execution: 0x800022c8 to 0x800022d4 copyinstr
[2026-01-18T09:33:55Z INFO  rv_emu::cpu] Block execution: 0x80002248 to 0x80002280 copyinstr
[2026-01-18T09:33:55Z INFO  rv_emu::cpu] Block execution: 0x80003ab8 to 0x80003ab8 fetchstr
[2026-01-18T09:33:55Z INFO  rv_emu::cpu] Block execution: 0x80003abc to 0x80003ac0 fetchstr
[2026-01-18T09:33:55Z INFO  rv_emu::cpu] Block execution: 0x8000141c to 0x80001430 strlen
[2026-01-18T09:33:55Z INFO  rv_emu::cpu] Block execution: 0x80001434 to 0x80001448 strlen
[2026-01-18T09:33:55Z INFO  rv_emu::cpu] Block execution: 0x8000143c to 0x80001448 strlen
[2026-01-18T09:33:55Z INFO  rv_emu::cpu] Block execution: 0x8000143c to 0x80001448 strlen
[2026-01-18T09:33:55Z INFO  rv_emu::cpu] Block execution: 0x8000143c to 0x80001448 strlen
[2026-01-18T09:33:55Z INFO  rv_emu::cpu] Block execution: 0x8000143c to 0x80001448 strlen
[2026-01-18T09:33:55Z INFO  rv_emu::cpu] Block execution: 0x8000144c to 0x80001460 strlen
[2026-01-18T09:33:55Z INFO  rv_emu::cpu] Block execution: 0x80003ac4 to 0x80003adc fetchstr
[2026-01-18T09:33:55Z INFO  rv_emu::cpu] Block execution: 0x80003b80 to 0x80003b94 argstr
[2026-01-18T09:33:55Z INFO  rv_emu::cpu] Block execution: 0x8000761c to 0x80007624 sys_exec
[2026-01-18T09:33:55Z INFO  rv_emu::cpu] Block execution: 0x80007628 to 0x80007654 sys_exec
[2026-01-18T09:33:55Z INFO  rv_emu::cpu] Block execution: 0x800011b0 to 0x800011c0 memset
[2026-01-18T09:33:55Z INFO  rv_emu::cpu] Block execution: 0x800011c4 to 0x800011dc memset
[2026-01-18T09:33:55Z INFO  rv_emu::cpu] Block execution: 0x800011d4 to 0x800011dc memset
[2026-01-18T09:33:55Z INFO  rv_emu::cpu] Block execution: 0x800011d4 to 0x800011dc memset
[2026-01-18T09:33:55Z INFO  rv_emu::cpu] Block execution: 0x800011d4 to 0x800011dc memset
[2026-01-18T09:33:55Z INFO  rv_emu::cpu] Block execution: 0x800011d4 to 0x800011dc memset
[2026-01-18T09:33:55Z INFO  rv_emu::cpu] Block execution: 0x800011d4 to 0x800011dc memset
[2026-01-18T09:33:55Z INFO  rv_emu::cpu] Block execution: 0x800011d4 to 0x800011dc memset
[2026-01-18T09:33:55Z INFO  rv_emu::cpu] Block execution: 0x800011d4 to 0x800011dc memset
[2026-01-18T09:33:55Z INFO  rv_emu::cpu] Block execution: 0x800011d4 to 0x800011dc memset
[2026-01-18T09:33:55Z INFO  rv_emu::cpu] Block execution: 0x800011d4 to 0x800011dc memset
[2026-01-18T09:33:55Z INFO  rv_emu::cpu] Block execution: 0x800011d4 to 0x800011dc memset
[2026-01-18T09:33:55Z INFO  rv_emu::cpu] Block execution: 0x800011d4 to 0x800011dc memset
[2026-01-18T09:33:55Z INFO  rv_emu::cpu] Block execution: 0x800011d4 to 0x800011dc memset
[2026-01-18T09:33:55Z INFO  rv_emu::cpu] Block execution: 0x800011d4 to 0x800011dc memset
[2026-01-18T09:33:55Z INFO  rv_emu::cpu] Block execution: 0x800011d4 to 0x800011dc memset
[2026-01-18T09:33:55Z INFO  rv_emu::cpu] Block execution: 0x800011d4 to 0x800011dc memset
[2026-01-18T09:33:55Z INFO  rv_emu::cpu] Block execution: 0x800011d4 to 0x800011dc memset
[2026-01-18T09:33:55Z INFO  rv_emu::cpu] Block execution: 0x800011d4 to 0x800011dc memset
[2026-01-18T09:33:55Z INFO  rv_emu::cpu] Block execution: 0x800011d4 to 0x800011dc memset
[2026-01-18T09:33:55Z INFO  rv_emu::cpu] Block execution: 0x800011d4 to 0x800011dc memset
[2026-01-18T09:33:55Z INFO  rv_emu::cpu] Block execution: 0x800011d4 to 0x800011dc memset
[2026-01-18T09:33:55Z INFO  rv_emu::cpu] Block execution: 0x800011d4 to 0x800011dc memset
[2026-01-18T09:33:55Z INFO  rv_emu::cpu] Block execution: 0x800011d4 to 0x800011dc memset
[2026-01-18T09:33:55Z INFO  rv_emu::cpu] Block execution: 0x800011d4 to 0x800011dc memset
[2026-01-18T09:33:55Z INFO  rv_emu::cpu] Block execution: 0x800011d4 to 0x800011dc memset
[2026-01-18T09:33:55Z INFO  rv_emu::cpu] Block execution: 0x800011d4 to 0x800011dc memset
[2026-01-18T09:33:55Z INFO  rv_emu::cpu] Block execution: 0x800011d4 to 0x800011dc memset
[2026-01-18T09:33:55Z INFO  rv_emu::cpu] Block execution: 0x800011d4 to 0x800011dc memset
[2026-01-18T09:33:55Z INFO  rv_emu::cpu] Block execution: 0x800011d4 to 0x800011dc memset
[2026-01-18T09:33:55Z INFO  rv_emu::cpu] Block execution: 0x800011d4 to 0x800011dc memset
[2026-01-18T09:33:55Z INFO  rv_emu::cpu] Block execution: 0x800011d4 to 0x800011dc memset
[2026-01-18T09:33:55Z INFO  rv_emu::cpu] Block execution: 0x800011d4 to 0x800011dc memset
[2026-01-18T09:33:55Z INFO  rv_emu::cpu] Block execution: 0x800011d4 to 0x800011dc memset
[2026-01-18T09:33:55Z INFO  rv_emu::cpu] Block execution: 0x800011d4 to 0x800011dc memset
[2026-01-18T09:33:55Z INFO  rv_emu::cpu] Block execution: 0x800011d4 to 0x800011dc memset
[2026-01-18T09:33:55Z INFO  rv_emu::cpu] Block execution: 0x800011d4 to 0x800011dc memset
[2026-01-18T09:33:55Z INFO  rv_emu::cpu] Block execution: 0x800011d4 to 0x800011dc memset
[2026-01-18T09:33:55Z INFO  rv_emu::cpu] Block execution: 0x800011d4 to 0x800011dc memset
[2026-01-18T09:33:55Z INFO  rv_emu::cpu] Block execution: 0x800011d4 to 0x800011dc memset
[2026-01-18T09:33:55Z INFO  rv_emu::cpu] Block execution: 0x800011d4 to 0x800011dc memset
[2026-01-18T09:33:55Z INFO  rv_emu::cpu] Block execution: 0x800011d4 to 0x800011dc memset
[2026-01-18T09:33:55Z INFO  rv_emu::cpu] Block execution: 0x800011d4 to 0x800011dc memset
[2026-01-18T09:33:55Z INFO  rv_emu::cpu] Block execution: 0x800011d4 to 0x800011dc memset
[2026-01-18T09:33:55Z INFO  rv_emu::cpu] Block execution: 0x800011d4 to 0x800011dc memset
[2026-01-18T09:33:55Z INFO  rv_emu::cpu] Block execution: 0x800011d4 to 0x800011dc memset
[2026-01-18T09:33:55Z INFO  rv_emu::cpu] Block execution: 0x800011d4 to 0x800011dc memset
[2026-01-18T09:33:55Z INFO  rv_emu::cpu] Block execution: 0x800011d4 to 0x800011dc memset
[2026-01-18T09:33:55Z INFO  rv_emu::cpu] Block execution: 0x800011d4 to 0x800011dc memset
[2026-01-18T09:33:55Z INFO  rv_emu::cpu] Block execution: 0x800011d4 to 0x800011dc memset
[2026-01-18T09:33:55Z INFO  rv_emu::cpu] Block execution: 0x800011d4 to 0x800011dc memset
[2026-01-18T09:33:55Z INFO  rv_emu::cpu] Block execution: 0x800011d4 to 0x800011dc memset
[2026-01-18T09:33:55Z INFO  rv_emu::cpu] Block execution: 0x800011d4 to 0x800011dc memset
[2026-01-18T09:33:55Z INFO  rv_emu::cpu] Block execution: 0x800011d4 to 0x800011dc memset
[2026-01-18T09:33:55Z INFO  rv_emu::cpu] Block execution: 0x800011d4 to 0x800011dc memset
[2026-01-18T09:33:55Z INFO  rv_emu::cpu] Block execution: 0x800011d4 to 0x800011dc memset
[2026-01-18T09:33:55Z INFO  rv_emu::cpu] Block execution: 0x800011d4 to 0x800011dc memset
[2026-01-18T09:33:55Z INFO  rv_emu::cpu] Block execution: 0x800011d4 to 0x800011dc memset
[2026-01-18T09:33:55Z INFO  rv_emu::cpu] Block execution: 0x800011d4 to 0x800011dc memset
[2026-01-18T09:33:55Z INFO  rv_emu::cpu] Block execution: 0x800011d4 to 0x800011dc memset
[2026-01-18T09:33:55Z INFO  rv_emu::cpu] Block execution: 0x800011d4 to 0x800011dc memset
[2026-01-18T09:33:55Z INFO  rv_emu::cpu] Block execution: 0x800011d4 to 0x800011dc memset
[2026-01-18T09:33:55Z INFO  rv_emu::cpu] Block execution: 0x800011d4 to 0x800011dc memset
[2026-01-18T09:33:55Z INFO  rv_emu::cpu] Block execution: 0x800011d4 to 0x800011dc memset
[2026-01-18T09:33:55Z INFO  rv_emu::cpu] Block execution: 0x800011d4 to 0x800011dc memset
[2026-01-18T09:33:55Z INFO  rv_emu::cpu] Block execution: 0x800011d4 to 0x800011dc memset
[2026-01-18T09:33:55Z INFO  rv_emu::cpu] Block execution: 0x800011d4 to 0x800011dc memset
[2026-01-18T09:33:55Z INFO  rv_emu::cpu] Block execution: 0x800011d4 to 0x800011dc memset
[2026-01-18T09:33:55Z INFO  rv_emu::cpu] Block execution: 0x800011d4 to 0x800011dc memset
[2026-01-18T09:33:55Z INFO  rv_emu::cpu] Block execution: 0x800011d4 to 0x800011dc memset
[2026-01-18T09:33:55Z INFO  rv_emu::cpu] Block execution: 0x800011d4 to 0x800011dc memset
[2026-01-18T09:33:55Z INFO  rv_emu::cpu] Block execution: 0x800011d4 to 0x800011dc memset
[2026-01-18T09:33:55Z INFO  rv_emu::cpu] Block execution: 0x800011d4 to 0x800011dc memset
[2026-01-18T09:33:55Z INFO  rv_emu::cpu] Block execution: 0x800011d4 to 0x800011dc memset
[2026-01-18T09:33:55Z INFO  rv_emu::cpu] Block execution: 0x800011d4 to 0x800011dc memset
[2026-01-18T09:33:55Z INFO  rv_emu::cpu] Block execution: 0x800011d4 to 0x800011dc memset
[2026-01-18T09:33:55Z INFO  rv_emu::cpu] Block execution: 0x800011d4 to 0x800011dc memset
[2026-01-18T09:33:55Z INFO  rv_emu::cpu] Block execution: 0x800011d4 to 0x800011dc memset
[2026-01-18T09:33:55Z INFO  rv_emu::cpu] Block execution: 0x800011d4 to 0x800011dc memset
[2026-01-18T09:33:55Z INFO  rv_emu::cpu] Block execution: 0x800011d4 to 0x800011dc memset
[2026-01-18T09:33:55Z INFO  rv_emu::cpu] Block execution: 0x800011d4 to 0x800011dc memset
[2026-01-18T09:33:55Z INFO  rv_emu::cpu] Block execution: 0x800011d4 to 0x800011dc memset
[2026-01-18T09:33:55Z INFO  rv_emu::cpu] Block execution: 0x800011d4 to 0x800011dc memset
[2026-01-18T09:33:55Z INFO  rv_emu::cpu] Block execution: 0x800011d4 to 0x800011dc memset
[2026-01-18T09:33:55Z INFO  rv_emu::cpu] Block execution: 0x800011d4 to 0x800011dc memset
[2026-01-18T09:33:55Z INFO  rv_emu::cpu] Block execution: 0x800011d4 to 0x800011dc memset
[2026-01-18T09:33:55Z INFO  rv_emu::cpu] Block execution: 0x800011d4 to 0x800011dc memset
[2026-01-18T09:33:55Z INFO  rv_emu::cpu] Block execution: 0x800011d4 to 0x800011dc memset
[2026-01-18T09:33:55Z INFO  rv_emu::cpu] Block execution: 0x800011d4 to 0x800011dc memset
[2026-01-18T09:33:55Z INFO  rv_emu::cpu] Block execution: 0x800011d4 to 0x800011dc memset
[2026-01-18T09:33:55Z INFO  rv_emu::cpu] Block execution: 0x800011d4 to 0x800011dc memset
[2026-01-18T09:33:55Z INFO  rv_emu::cpu] Block execution: 0x800011d4 to 0x800011dc memset
[2026-01-18T09:33:55Z INFO  rv_emu::cpu] Block execution: 0x800011d4 to 0x800011dc memset
[2026-01-18T09:33:55Z INFO  rv_emu::cpu] Block execution: 0x800011d4 to 0x800011dc memset
[2026-01-18T09:33:55Z INFO  rv_emu::cpu] Block execution: 0x800011d4 to 0x800011dc memset
[2026-01-18T09:33:55Z INFO  rv_emu::cpu] Block execution: 0x800011d4 to 0x800011dc memset
[2026-01-18T09:33:55Z INFO  rv_emu::cpu] Block execution: 0x800011d4 to 0x800011dc memset
[2026-01-18T09:33:55Z INFO  rv_emu::cpu] Block execution: 0x800011d4 to 0x800011dc memset
[2026-01-18T09:33:55Z INFO  rv_emu::cpu] Block execution: 0x800011d4 to 0x800011dc memset
[2026-01-18T09:33:55Z INFO  rv_emu::cpu] Block execution: 0x800011d4 to 0x800011dc memset
[2026-01-18T09:33:55Z INFO  rv_emu::cpu] Block execution: 0x800011d4 to 0x800011dc memset
[2026-01-18T09:33:55Z INFO  rv_emu::cpu] Block execution: 0x800011d4 to 0x800011dc memset
[2026-01-18T09:33:55Z INFO  rv_emu::cpu] Block execution: 0x800011d4 to 0x800011dc memset
[2026-01-18T09:33:55Z INFO  rv_emu::cpu] Block execution: 0x800011d4 to 0x800011dc memset
[2026-01-18T09:33:55Z INFO  rv_emu::cpu] Block execution: 0x800011d4 to 0x800011dc memset
[2026-01-18T09:33:55Z INFO  rv_emu::cpu] Block execution: 0x800011d4 to 0x800011dc memset
[2026-01-18T09:33:55Z INFO  rv_emu::cpu] Block execution: 0x800011d4 to 0x800011dc memset
[2026-01-18T09:33:55Z INFO  rv_emu::cpu] Block execution: 0x800011d4 to 0x800011dc memset
[2026-01-18T09:33:55Z INFO  rv_emu::cpu] Block execution: 0x800011d4 to 0x800011dc memset
[2026-01-18T09:33:55Z INFO  rv_emu::cpu] Block execution: 0x800011d4 to 0x800011dc memset
[2026-01-18T09:33:55Z INFO  rv_emu::cpu] Block execution: 0x800011d4 to 0x800011dc memset
[2026-01-18T09:33:55Z INFO  rv_emu::cpu] Block execution: 0x800011d4 to 0x800011dc memset
[2026-01-18T09:33:55Z INFO  rv_emu::cpu] Block execution: 0x800011d4 to 0x800011dc memset
[2026-01-18T09:33:55Z INFO  rv_emu::cpu] Block execution: 0x800011d4 to 0x800011dc memset
[2026-01-18T09:33:55Z INFO  rv_emu::cpu] Block execution: 0x800011d4 to 0x800011dc memset
[2026-01-18T09:33:55Z INFO  rv_emu::cpu] Block execution: 0x800011d4 to 0x800011dc memset
[2026-01-18T09:33:55Z INFO  rv_emu::cpu] Block execution: 0x800011d4 to 0x800011dc memset
[2026-01-18T09:33:55Z INFO  rv_emu::cpu] Block execution: 0x800011d4 to 0x800011dc memset
[2026-01-18T09:33:55Z INFO  rv_emu::cpu] Block execution: 0x800011d4 to 0x800011dc memset
[2026-01-18T09:33:55Z INFO  rv_emu::cpu] Block execution: 0x800011d4 to 0x800011dc memset
[2026-01-18T09:33:55Z INFO  rv_emu::cpu] Block execution: 0x800011d4 to 0x800011dc memset
[2026-01-18T09:33:55Z INFO  rv_emu::cpu] Block execution: 0x800011d4 to 0x800011dc memset
[2026-01-18T09:33:55Z INFO  rv_emu::cpu] Block execution: 0x800011d4 to 0x800011dc memset
[2026-01-18T09:33:55Z INFO  rv_emu::cpu] Block execution: 0x800011d4 to 0x800011dc memset
[2026-01-18T09:33:55Z INFO  rv_emu::cpu] Block execution: 0x800011d4 to 0x800011dc memset
[2026-01-18T09:33:55Z INFO  rv_emu::cpu] Block execution: 0x800011d4 to 0x800011dc memset
[2026-01-18T09:33:55Z INFO  rv_emu::cpu] Block execution: 0x800011d4 to 0x800011dc memset
[2026-01-18T09:33:55Z INFO  rv_emu::cpu] Block execution: 0x800011d4 to 0x800011dc memset
[2026-01-18T09:33:55Z INFO  rv_emu::cpu] Block execution: 0x800011d4 to 0x800011dc memset
[2026-01-18T09:33:55Z INFO  rv_emu::cpu] Block execution: 0x800011d4 to 0x800011dc memset
[2026-01-18T09:33:55Z INFO  rv_emu::cpu] Block execution: 0x800011d4 to 0x800011dc memset
[2026-01-18T09:33:55Z INFO  rv_emu::cpu] Block execution: 0x800011d4 to 0x800011dc memset
[2026-01-18T09:33:55Z INFO  rv_emu::cpu] Block execution: 0x800011d4 to 0x800011dc memset
[2026-01-18T09:33:55Z INFO  rv_emu::cpu] Block execution: 0x800011d4 to 0x800011dc memset
[2026-01-18T09:33:55Z INFO  rv_emu::cpu] Block execution: 0x800011d4 to 0x800011dc memset
[2026-01-18T09:33:55Z INFO  rv_emu::cpu] Block execution: 0x800011d4 to 0x800011dc memset
[2026-01-18T09:33:55Z INFO  rv_emu::cpu] Block execution: 0x800011d4 to 0x800011dc memset
[2026-01-18T09:33:55Z INFO  rv_emu::cpu] Block execution: 0x800011d4 to 0x800011dc memset
[2026-01-18T09:33:55Z INFO  rv_emu::cpu] Block execution: 0x800011d4 to 0x800011dc memset
[2026-01-18T09:33:55Z INFO  rv_emu::cpu] Block execution: 0x800011d4 to 0x800011dc memset
[2026-01-18T09:33:55Z INFO  rv_emu::cpu] Block execution: 0x800011d4 to 0x800011dc memset
[2026-01-18T09:33:55Z INFO  rv_emu::cpu] Block execution: 0x800011d4 to 0x800011dc memset
[2026-01-18T09:33:55Z INFO  rv_emu::cpu] Block execution: 0x800011d4 to 0x800011dc memset
[2026-01-18T09:33:55Z INFO  rv_emu::cpu] Block execution: 0x800011d4 to 0x800011dc memset
[2026-01-18T09:33:55Z INFO  rv_emu::cpu] Block execution: 0x800011d4 to 0x800011dc memset
[2026-01-18T09:33:55Z INFO  rv_emu::cpu] Block execution: 0x800011d4 to 0x800011dc memset
[2026-01-18T09:33:55Z INFO  rv_emu::cpu] Block execution: 0x800011d4 to 0x800011dc memset
[2026-01-18T09:33:55Z INFO  rv_emu::cpu] Block execution: 0x800011d4 to 0x800011dc memset
[2026-01-18T09:33:55Z INFO  rv_emu::cpu] Block execution: 0x800011d4 to 0x800011dc memset
[2026-01-18T09:33:55Z INFO  rv_emu::cpu] Block execution: 0x800011d4 to 0x800011dc memset
[2026-01-18T09:33:55Z INFO  rv_emu::cpu] Block execution: 0x800011d4 to 0x800011dc memset
[2026-01-18T09:33:55Z INFO  rv_emu::cpu] Block execution: 0x800011d4 to 0x800011dc memset
[2026-01-18T09:33:55Z INFO  rv_emu::cpu] Block execution: 0x800011d4 to 0x800011dc memset
[2026-01-18T09:33:55Z INFO  rv_emu::cpu] Block execution: 0x800011d4 to 0x800011dc memset
[2026-01-18T09:33:55Z INFO  rv_emu::cpu] Block execution: 0x800011d4 to 0x800011dc memset
[2026-01-18T09:33:55Z INFO  rv_emu::cpu] Block execution: 0x800011d4 to 0x800011dc memset
[2026-01-18T09:33:55Z INFO  rv_emu::cpu] Block execution: 0x800011d4 to 0x800011dc memset
[2026-01-18T09:33:55Z INFO  rv_emu::cpu] Block execution: 0x800011d4 to 0x800011dc memset
[2026-01-18T09:33:55Z INFO  rv_emu::cpu] Block execution: 0x800011d4 to 0x800011dc memset
[2026-01-18T09:33:55Z INFO  rv_emu::cpu] Block execution: 0x800011d4 to 0x800011dc memset
[2026-01-18T09:33:55Z INFO  rv_emu::cpu] Block execution: 0x800011d4 to 0x800011dc memset
[2026-01-18T09:33:55Z INFO  rv_emu::cpu] Block execution: 0x800011d4 to 0x800011dc memset
[2026-01-18T09:33:55Z INFO  rv_emu::cpu] Block execution: 0x800011d4 to 0x800011dc memset
[2026-01-18T09:33:55Z INFO  rv_emu::cpu] Block execution: 0x800011d4 to 0x800011dc memset
[2026-01-18T09:33:55Z INFO  rv_emu::cpu] Block execution: 0x800011d4 to 0x800011dc memset
[2026-01-18T09:33:55Z INFO  rv_emu::cpu] Block execution: 0x800011d4 to 0x800011dc memset
[2026-01-18T09:33:55Z INFO  rv_emu::cpu] Block execution: 0x800011d4 to 0x800011dc memset
[2026-01-18T09:33:55Z INFO  rv_emu::cpu] Block execution: 0x800011d4 to 0x800011dc memset
[2026-01-18T09:33:55Z INFO  rv_emu::cpu] Block execution: 0x800011d4 to 0x800011dc memset
[2026-01-18T09:33:55Z INFO  rv_emu::cpu] Block execution: 0x800011d4 to 0x800011dc memset
[2026-01-18T09:33:55Z INFO  rv_emu::cpu] Block execution: 0x800011d4 to 0x800011dc memset
[2026-01-18T09:33:55Z INFO  rv_emu::cpu] Block execution: 0x800011d4 to 0x800011dc memset
[2026-01-18T09:33:55Z INFO  rv_emu::cpu] Block execution: 0x800011d4 to 0x800011dc memset
[2026-01-18T09:33:55Z INFO  rv_emu::cpu] Block execution: 0x800011d4 to 0x800011dc memset
[2026-01-18T09:33:55Z INFO  rv_emu::cpu] Block execution: 0x800011d4 to 0x800011dc memset
[2026-01-18T09:33:55Z INFO  rv_emu::cpu] Block execution: 0x800011d4 to 0x800011dc memset
[2026-01-18T09:33:55Z INFO  rv_emu::cpu] Block execution: 0x800011d4 to 0x800011dc memset
[2026-01-18T09:33:55Z INFO  rv_emu::cpu] Block execution: 0x800011d4 to 0x800011dc memset
[2026-01-18T09:33:55Z INFO  rv_emu::cpu] Block execution: 0x800011d4 to 0x800011dc memset
[2026-01-18T09:33:55Z INFO  rv_emu::cpu] Block execution: 0x800011d4 to 0x800011dc memset
[2026-01-18T09:33:55Z INFO  rv_emu::cpu] Block execution: 0x800011d4 to 0x800011dc memset
[2026-01-18T09:33:55Z INFO  rv_emu::cpu] Block execution: 0x800011d4 to 0x800011dc memset
[2026-01-18T09:33:55Z INFO  rv_emu::cpu] Block execution: 0x800011d4 to 0x800011dc memset
[2026-01-18T09:33:55Z INFO  rv_emu::cpu] Block execution: 0x800011d4 to 0x800011dc memset
[2026-01-18T09:33:55Z INFO  rv_emu::cpu] Block execution: 0x800011d4 to 0x800011dc memset
[2026-01-18T09:33:55Z INFO  rv_emu::cpu] Block execution: 0x800011d4 to 0x800011dc memset
[2026-01-18T09:33:55Z INFO  rv_emu::cpu] Block execution: 0x800011d4 to 0x800011dc memset
[2026-01-18T09:33:55Z INFO  rv_emu::cpu] Block execution: 0x800011d4 to 0x800011dc memset
[2026-01-18T09:33:55Z INFO  rv_emu::cpu] Block execution: 0x800011d4 to 0x800011dc memset
[2026-01-18T09:33:55Z INFO  rv_emu::cpu] Block execution: 0x800011d4 to 0x800011dc memset
[2026-01-18T09:33:55Z INFO  rv_emu::cpu] Block execution: 0x800011d4 to 0x800011dc memset
[2026-01-18T09:33:55Z INFO  rv_emu::cpu] Block execution: 0x800011d4 to 0x800011dc memset
[2026-01-18T09:33:55Z INFO  rv_emu::cpu] Block execution: 0x800011d4 to 0x800011dc memset
[2026-01-18T09:33:55Z INFO  rv_emu::cpu] Block execution: 0x800011d4 to 0x800011dc memset
[2026-01-18T09:33:55Z INFO  rv_emu::cpu] Block execution: 0x800011d4 to 0x800011dc memset
[2026-01-18T09:33:55Z INFO  rv_emu::cpu] Block execution: 0x800011d4 to 0x800011dc memset
[2026-01-18T09:33:55Z INFO  rv_emu::cpu] Block execution: 0x800011d4 to 0x800011dc memset
[2026-01-18T09:33:55Z INFO  rv_emu::cpu] Block execution: 0x800011d4 to 0x800011dc memset
[2026-01-18T09:33:55Z INFO  rv_emu::cpu] Block execution: 0x800011d4 to 0x800011dc memset
[2026-01-18T09:33:55Z INFO  rv_emu::cpu] Block execution: 0x800011d4 to 0x800011dc memset
[2026-01-18T09:33:55Z INFO  rv_emu::cpu] Block execution: 0x800011d4 to 0x800011dc memset
[2026-01-18T09:33:55Z INFO  rv_emu::cpu] Block execution: 0x800011d4 to 0x800011dc memset
[2026-01-18T09:33:55Z INFO  rv_emu::cpu] Block execution: 0x800011d4 to 0x800011dc memset
[2026-01-18T09:33:55Z INFO  rv_emu::cpu] Block execution: 0x800011d4 to 0x800011dc memset
[2026-01-18T09:33:55Z INFO  rv_emu::cpu] Block execution: 0x800011d4 to 0x800011dc memset
[2026-01-18T09:33:55Z INFO  rv_emu::cpu] Block execution: 0x800011d4 to 0x800011dc memset
[2026-01-18T09:33:55Z INFO  rv_emu::cpu] Block execution: 0x800011d4 to 0x800011dc memset
[2026-01-18T09:33:55Z INFO  rv_emu::cpu] Block execution: 0x800011d4 to 0x800011dc memset
[2026-01-18T09:33:55Z INFO  rv_emu::cpu] Block execution: 0x800011d4 to 0x800011dc memset
[2026-01-18T09:33:55Z INFO  rv_emu::cpu] Block execution: 0x800011d4 to 0x800011dc memset
[2026-01-18T09:33:55Z INFO  rv_emu::cpu] Block execution: 0x800011d4 to 0x800011dc memset
[2026-01-18T09:33:55Z INFO  rv_emu::cpu] Block execution: 0x800011d4 to 0x800011dc memset
[2026-01-18T09:33:55Z INFO  rv_emu::cpu] Block execution: 0x800011d4 to 0x800011dc memset
[2026-01-18T09:33:55Z INFO  rv_emu::cpu] Block execution: 0x800011d4 to 0x800011dc memset
[2026-01-18T09:33:55Z INFO  rv_emu::cpu] Block execution: 0x800011d4 to 0x800011dc memset
[2026-01-18T09:33:55Z INFO  rv_emu::cpu] Block execution: 0x800011d4 to 0x800011dc memset
[2026-01-18T09:33:55Z INFO  rv_emu::cpu] Block execution: 0x800011d4 to 0x800011dc memset
[2026-01-18T09:33:55Z INFO  rv_emu::cpu] Block execution: 0x800011d4 to 0x800011dc memset
[2026-01-18T09:33:55Z INFO  rv_emu::cpu] Block execution: 0x800011d4 to 0x800011dc memset
[2026-01-18T09:33:55Z INFO  rv_emu::cpu] Block execution: 0x800011d4 to 0x800011dc memset
[2026-01-18T09:33:55Z INFO  rv_emu::cpu] Block execution: 0x800011d4 to 0x800011dc memset
[2026-01-18T09:33:55Z INFO  rv_emu::cpu] Block execution: 0x800011d4 to 0x800011dc memset
[2026-01-18T09:33:55Z INFO  rv_emu::cpu] Block execution: 0x800011d4 to 0x800011dc memset
[2026-01-18T09:33:55Z INFO  rv_emu::cpu] Block execution: 0x800011d4 to 0x800011dc memset
[2026-01-18T09:33:55Z INFO  rv_emu::cpu] Block execution: 0x800011d4 to 0x800011dc memset
[2026-01-18T09:33:55Z INFO  rv_emu::cpu] Block execution: 0x800011d4 to 0x800011dc memset
[2026-01-18T09:33:55Z INFO  rv_emu::cpu] Block execution: 0x800011d4 to 0x800011dc memset
[2026-01-18T09:33:55Z INFO  rv_emu::cpu] Block execution: 0x800011d4 to 0x800011dc memset
[2026-01-18T09:33:55Z INFO  rv_emu::cpu] Block execution: 0x800011d4 to 0x800011dc memset
[2026-01-18T09:33:55Z INFO  rv_emu::cpu] Block execution: 0x800011d4 to 0x800011dc memset
[2026-01-18T09:33:55Z INFO  rv_emu::cpu] Block execution: 0x800011d4 to 0x800011dc memset
[2026-01-18T09:33:55Z INFO  rv_emu::cpu] Block execution: 0x800011d4 to 0x800011dc memset
[2026-01-18T09:33:55Z INFO  rv_emu::cpu] Block execution: 0x800011d4 to 0x800011dc memset
[2026-01-18T09:33:55Z INFO  rv_emu::cpu] Block execution: 0x800011d4 to 0x800011dc memset
[2026-01-18T09:33:55Z INFO  rv_emu::cpu] Block execution: 0x800011d4 to 0x800011dc memset
[2026-01-18T09:33:55Z INFO  rv_emu::cpu] Block execution: 0x800011d4 to 0x800011dc memset
[2026-01-18T09:33:55Z INFO  rv_emu::cpu] Block execution: 0x800011d4 to 0x800011dc memset
[2026-01-18T09:33:55Z INFO  rv_emu::cpu] Block execution: 0x800011d4 to 0x800011dc memset
[2026-01-18T09:33:55Z INFO  rv_emu::cpu] Block execution: 0x800011d4 to 0x800011dc memset
[2026-01-18T09:33:55Z INFO  rv_emu::cpu] Block execution: 0x800011d4 to 0x800011dc memset
[2026-01-18T09:33:55Z INFO  rv_emu::cpu] Block execution: 0x800011d4 to 0x800011dc memset
[2026-01-18T09:33:55Z INFO  rv_emu::cpu] Block execution: 0x800011d4 to 0x800011dc memset
[2026-01-18T09:33:55Z INFO  rv_emu::cpu] Block execution: 0x800011d4 to 0x800011dc memset
[2026-01-18T09:33:55Z INFO  rv_emu::cpu] Block execution: 0x800011d4 to 0x800011dc memset
[2026-01-18T09:33:55Z INFO  rv_emu::cpu] Block execution: 0x800011d4 to 0x800011dc memset
[2026-01-18T09:33:55Z INFO  rv_emu::cpu] Block execution: 0x800011d4 to 0x800011dc memset
[2026-01-18T09:33:55Z INFO  rv_emu::cpu] Block execution: 0x800011d4 to 0x800011dc memset
[2026-01-18T09:33:55Z INFO  rv_emu::cpu] Block execution: 0x800011d4 to 0x800011dc memset
[2026-01-18T09:33:55Z INFO  rv_emu::cpu] Block execution: 0x800011d4 to 0x800011dc memset
[2026-01-18T09:33:55Z INFO  rv_emu::cpu] Block execution: 0x800011d4 to 0x800011dc memset
[2026-01-18T09:33:55Z INFO  rv_emu::cpu] Block execution: 0x800011d4 to 0x800011dc memset
[2026-01-18T09:33:55Z INFO  rv_emu::cpu] Block execution: 0x800011d4 to 0x800011dc memset
[2026-01-18T09:33:55Z INFO  rv_emu::cpu] Block execution: 0x800011d4 to 0x800011dc memset
[2026-01-18T09:33:55Z INFO  rv_emu::cpu] Block execution: 0x800011d4 to 0x800011dc memset
[2026-01-18T09:33:55Z INFO  rv_emu::cpu] Block execution: 0x800011d4 to 0x800011dc memset
[2026-01-18T09:33:55Z INFO  rv_emu::cpu] Block execution: 0x800011d4 to 0x800011dc memset
[2026-01-18T09:33:55Z INFO  rv_emu::cpu] Block execution: 0x800011d4 to 0x800011dc memset
[2026-01-18T09:33:55Z INFO  rv_emu::cpu] Block execution: 0x800011e0 to 0x800011ec memset
[2026-01-18T09:33:55Z INFO  rv_emu::cpu] Block execution: 0x80007658 to 0x80007680 sys_exec
[2026-01-18T09:33:55Z INFO  rv_emu::cpu] Block execution: 0x80003a00 to 0x80003a20 fetchaddr
[2026-01-18T09:33:55Z INFO  rv_emu::cpu] Block execution: 0x80002540 to 0x80002554 myproc
[2026-01-18T09:33:55Z INFO  rv_emu::cpu] Block execution: 0x8000101c to 0x80001040 push_off
[2026-01-18T09:33:55Z INFO  rv_emu::cpu] Block execution: 0x80002508 to 0x8000253c mycpu
[2026-01-18T09:33:55Z INFO  rv_emu::cpu] Block execution: 0x80001044 to 0x80001048 push_off
[2026-01-18T09:33:55Z INFO  rv_emu::cpu] Block execution: 0x80001070 to 0x80001070 push_off
[2026-01-18T09:33:55Z INFO  rv_emu::cpu] Block execution: 0x80002508 to 0x8000253c mycpu
[2026-01-18T09:33:55Z INFO  rv_emu::cpu] Block execution: 0x80001074 to 0x80001080 push_off
[2026-01-18T09:33:55Z INFO  rv_emu::cpu] Block execution: 0x8000104c to 0x8000104c push_off
[2026-01-18T09:33:55Z INFO  rv_emu::cpu] Block execution: 0x80002508 to 0x8000253c mycpu
[2026-01-18T09:33:55Z INFO  rv_emu::cpu] Block execution: 0x80001050 to 0x8000106c push_off
[2026-01-18T09:33:55Z INFO  rv_emu::cpu] Block execution: 0x80002558 to 0x80002574 myproc
[2026-01-18T09:33:55Z INFO  rv_emu::cpu] Block execution: 0x800010ec to 0x800010fc pop_off
[2026-01-18T09:33:55Z INFO  rv_emu::cpu] Block execution: 0x80002508 to 0x8000253c mycpu
[2026-01-18T09:33:55Z INFO  rv_emu::cpu] Block execution: 0x80001100 to 0x80001108 pop_off
[2026-01-18T09:33:55Z INFO  rv_emu::cpu] Block execution: 0x8000110c to 0x80001110 pop_off
[2026-01-18T09:33:55Z INFO  rv_emu::cpu] Block execution: 0x80001114 to 0x8000111c pop_off
[2026-01-18T09:33:55Z INFO  rv_emu::cpu] Block execution: 0x80001120 to 0x80001124 pop_off
[2026-01-18T09:33:55Z INFO  rv_emu::cpu] Block execution: 0x80001128 to 0x80001140 pop_off
[2026-01-18T09:33:55Z INFO  rv_emu::cpu] Block execution: 0x80002578 to 0x8000258c myproc
[2026-01-18T09:33:55Z INFO  rv_emu::cpu] Block execution: 0x80003a24 to 0x80003a28 fetchaddr
[2026-01-18T09:33:55Z INFO  rv_emu::cpu] Block execution: 0x80003a2c to 0x80003a30 fetchaddr
[2026-01-18T09:33:55Z INFO  rv_emu::cpu] Block execution: 0x80003a34 to 0x80003a44 fetchaddr
[2026-01-18T09:33:55Z INFO  rv_emu::cpu] Block execution: 0x80002120 to 0x80002120 copyin
[2026-01-18T09:33:55Z INFO  rv_emu::cpu] Block execution: 0x80002124 to 0x8000216c copyin
[2026-01-18T09:33:55Z INFO  rv_emu::cpu] Block execution: 0x80002194 to 0x800021a0 copyin
[2026-01-18T09:33:55Z INFO  rv_emu::cpu] Block execution: 0x80001710 to 0x80001718 walkaddr
[2026-01-18T09:33:55Z INFO  rv_emu::cpu] Block execution: 0x80001724 to 0x80001738 walkaddr
[2026-01-18T09:33:55Z INFO  rv_emu::cpu] Block execution: 0x80001620 to 0x80001664 walk
[2026-01-18T09:33:55Z INFO  rv_emu::cpu] Block execution: 0x80001668 to 0x80001680 walk
[2026-01-18T09:33:55Z INFO  rv_emu::cpu] Block execution: 0x80001684 to 0x80001690 walk
[2026-01-18T09:33:55Z INFO  rv_emu::cpu] Block execution: 0x80001668 to 0x80001680 walk
[2026-01-18T09:33:55Z INFO  rv_emu::cpu] Block execution: 0x80001684 to 0x80001690 walk
[2026-01-18T09:33:55Z INFO  rv_emu::cpu] Block execution: 0x80001694 to 0x800016c8 walk
[2026-01-18T09:33:55Z INFO  rv_emu::cpu] Block execution: 0x8000173c to 0x8000173c walkaddr
[2026-01-18T09:33:55Z INFO  rv_emu::cpu] Block execution: 0x80001740 to 0x80001750 walkaddr
[2026-01-18T09:33:55Z INFO  rv_emu::cpu] Block execution: 0x80001764 to 0x8000176c walkaddr
[2026-01-18T09:33:55Z INFO  rv_emu::cpu] Block execution: 0x80001754 to 0x80001760 walkaddr
[2026-01-18T09:33:55Z INFO  rv_emu::cpu] Block execution: 0x800021a4 to 0x800021a4 copyin
[2026-01-18T09:33:55Z INFO  rv_emu::cpu] Block execution: 0x800021a8 to 0x800021b0 copyin
[2026-01-18T09:33:55Z INFO  rv_emu::cpu] Block execution: 0x800021b4 to 0x800021b8 copyin
[2026-01-18T09:33:55Z INFO  rv_emu::cpu] Block execution: 0x80002170 to 0x80002180 copyin
[2026-01-18T09:33:55Z INFO  rv_emu::cpu] Block execution: 0x80001254 to 0x80001264 memmove
[2026-01-18T09:33:55Z INFO  rv_emu::cpu] Block execution: 0x80001268 to 0x80001268 memmove
[2026-01-18T09:33:55Z INFO  rv_emu::cpu] Block execution: 0x800012a0 to 0x800012ac memmove
[2026-01-18T09:33:55Z INFO  rv_emu::cpu] Block execution: 0x8000126c to 0x8000128c memmove
[2026-01-18T09:33:55Z INFO  rv_emu::cpu] Block execution: 0x8000127c to 0x8000128c memmove
[2026-01-18T09:33:55Z INFO  rv_emu::cpu] Block execution: 0x8000127c to 0x8000128c memmove
[2026-01-18T09:33:55Z INFO  rv_emu::cpu] Block execution: 0x8000127c to 0x8000128c memmove
[2026-01-18T09:33:55Z INFO  rv_emu::cpu] Block execution: 0x8000127c to 0x8000128c memmove
[2026-01-18T09:33:55Z INFO  rv_emu::cpu] Block execution: 0x8000127c to 0x8000128c memmove
[2026-01-18T09:33:55Z INFO  rv_emu::cpu] Block execution: 0x8000127c to 0x8000128c memmove
[2026-01-18T09:33:55Z INFO  rv_emu::cpu] Block execution: 0x8000127c to 0x8000128c memmove
[2026-01-18T09:33:55Z INFO  rv_emu::cpu] Block execution: 0x80001290 to 0x8000129c memmove
[2026-01-18T09:33:55Z INFO  rv_emu::cpu] Block execution: 0x80002184 to 0x80002190 copyin
[2026-01-18T09:33:55Z INFO  rv_emu::cpu] Block execution: 0x800021bc to 0x800021c0 copyin
[2026-01-18T09:33:55Z INFO  rv_emu::cpu] Block execution: 0x800021d0 to 0x800021fc copyin
[2026-01-18T09:33:55Z INFO  rv_emu::cpu] Block execution: 0x80003a48 to 0x80003a64 fetchaddr
[2026-01-18T09:33:55Z INFO  rv_emu::cpu] Block execution: 0x80007684 to 0x80007684 sys_exec
[2026-01-18T09:33:55Z INFO  rv_emu::cpu] Block execution: 0x800076bc to 0x800076c4 sys_exec
[2026-01-18T09:33:55Z INFO  rv_emu::cpu] Block execution: 0x80007754 to 0x80007780 sys_exec
[2026-01-18T09:33:55Z INFO  rv_emu::cpu] Block execution: 0x80003bec to 0x80003bf0 syscall
[2026-01-18T09:33:55Z INFO  rv_emu::cpu] Block execution: 0x80003c14 to 0x80003c28 syscall
[2026-01-18T09:33:55Z INFO  rv_emu::cpu] Block execution: 0x8000381c to 0x80003820 usertrap
[2026-01-18T09:33:55Z INFO  rv_emu::cpu] Block execution: 0x80003114 to 0x80003130 killed
[2026-01-18T09:33:55Z INFO  rv_emu::cpu] Block execution: 0x80001084 to 0x8000109c acquire
[2026-01-18T09:33:55Z INFO  rv_emu::cpu] Block execution: 0x8000101c to 0x80001040 push_off
[2026-01-18T09:33:55Z INFO  rv_emu::cpu] Block execution: 0x80002508 to 0x8000253c mycpu
[2026-01-18T09:33:55Z INFO  rv_emu::cpu] Block execution: 0x80001044 to 0x80001048 push_off
[2026-01-18T09:33:55Z INFO  rv_emu::cpu] Block execution: 0x80001070 to 0x80001070 push_off
[2026-01-18T09:33:55Z INFO  rv_emu::cpu] Block execution: 0x80002508 to 0x8000253c mycpu
[2026-01-18T09:33:55Z INFO  rv_emu::cpu] Block execution: 0x80001074 to 0x80001080 push_off
[2026-01-18T09:33:55Z INFO  rv_emu::cpu] Block execution: 0x8000104c to 0x8000104c push_off
[2026-01-18T09:33:55Z INFO  rv_emu::cpu] Block execution: 0x80002508 to 0x8000253c mycpu
[2026-01-18T09:33:55Z INFO  rv_emu::cpu] Block execution: 0x80001050 to 0x8000106c push_off
[2026-01-18T09:33:55Z INFO  rv_emu::cpu] Block execution: 0x800010a0 to 0x800010a4 acquire
[2026-01-18T09:33:55Z INFO  rv_emu::cpu] Block execution: 0x80000fd4 to 0x80000fd8 holding
[2026-01-18T09:33:55Z INFO  rv_emu::cpu] Block execution: 0x80000fdc to 0x80000fe0 holding
[2026-01-18T09:33:55Z INFO  rv_emu::cpu] Block execution: 0x800010a8 to 0x800010ac acquire
[2026-01-18T09:33:55Z INFO  rv_emu::cpu] Block execution: 0x800010b0 to 0x800010bc acquire
[2026-01-18T09:33:55Z INFO  rv_emu::cpu] Block execution: 0x800010c0 to 0x800010c4 acquire
[2026-01-18T09:33:55Z INFO  rv_emu::cpu] Block execution: 0x80002508 to 0x8000253c mycpu
[2026-01-18T09:33:55Z INFO  rv_emu::cpu] Block execution: 0x800010c8 to 0x800010dc acquire
[2026-01-18T09:33:55Z INFO  rv_emu::cpu] Block execution: 0x80003134 to 0x8000313c killed
[2026-01-18T09:33:55Z INFO  rv_emu::cpu] Block execution: 0x8000115c to 0x80001174 release
[2026-01-18T09:33:55Z INFO  rv_emu::cpu] Block execution: 0x80000fd4 to 0x80000fd8 holding
[2026-01-18T09:33:55Z INFO  rv_emu::cpu] Block execution: 0x80000fe4 to 0x80000ffc holding
[2026-01-18T09:33:55Z INFO  rv_emu::cpu] Block execution: 0x80002508 to 0x8000253c mycpu
[2026-01-18T09:33:55Z INFO  rv_emu::cpu] Block execution: 0x80001000 to 0x80001018 holding
[2026-01-18T09:33:55Z INFO  rv_emu::cpu] Block execution: 0x80001178 to 0x80001178 release
[2026-01-18T09:33:55Z INFO  rv_emu::cpu] Block execution: 0x8000117c to 0x8000118c release
[2026-01-18T09:33:55Z INFO  rv_emu::cpu] Block execution: 0x800010ec to 0x800010fc pop_off
[2026-01-18T09:33:55Z INFO  rv_emu::cpu] Block execution: 0x80002508 to 0x8000253c mycpu
[2026-01-18T09:33:55Z INFO  rv_emu::cpu] Block execution: 0x80001100 to 0x80001108 pop_off
[2026-01-18T09:33:55Z INFO  rv_emu::cpu] Block execution: 0x8000110c to 0x80001110 pop_off
[2026-01-18T09:33:55Z INFO  rv_emu::cpu] Block execution: 0x80001114 to 0x8000111c pop_off
[2026-01-18T09:33:55Z INFO  rv_emu::cpu] Block execution: 0x80001120 to 0x80001124 pop_off
[2026-01-18T09:33:55Z INFO  rv_emu::cpu] Block execution: 0x80001128 to 0x80001140 pop_off
[2026-01-18T09:33:55Z INFO  rv_emu::cpu] Block execution: 0x80001190 to 0x800011a0 release
[2026-01-18T09:33:55Z INFO  rv_emu::cpu] Block execution: 0x80003140 to 0x80003158 killed
[2026-01-18T09:33:55Z INFO  rv_emu::cpu] Block execution: 0x80003824 to 0x80003824 usertrap
[2026-01-18T09:33:55Z INFO  rv_emu::cpu] Block execution: 0x8000383c to 0x8000383c usertrap
[2026-01-18T09:33:55Z INFO  rv_emu::cpu] Block execution: 0x80003578 to 0x80003588 usertrapret
[2026-01-18T09:33:55Z INFO  rv_emu::cpu] Block execution: 0x80002540 to 0x80002554 myproc
[2026-01-18T09:33:55Z INFO  rv_emu::cpu] Block execution: 0x8000101c to 0x80001040 push_off
[2026-01-18T09:33:55Z INFO  rv_emu::cpu] Block execution: 0x80002508 to 0x8000253c mycpu
[2026-01-18T09:33:55Z INFO  rv_emu::cpu] Block execution: 0x80001044 to 0x80001048 push_off
[2026-01-18T09:33:55Z INFO  rv_emu::cpu] Block execution: 0x80001070 to 0x80001070 push_off
[2026-01-18T09:33:55Z INFO  rv_emu::cpu] Block execution: 0x80002508 to 0x8000253c mycpu
[2026-01-18T09:33:55Z INFO  rv_emu::cpu] Block execution: 0x80001074 to 0x80001080 push_off
[2026-01-18T09:33:55Z INFO  rv_emu::cpu] Block execution: 0x8000104c to 0x8000104c push_off
[2026-01-18T09:33:55Z INFO  rv_emu::cpu] Block execution: 0x80002508 to 0x8000253c mycpu
[2026-01-18T09:33:55Z INFO  rv_emu::cpu] Block execution: 0x80001050 to 0x8000106c push_off
[2026-01-18T09:33:55Z INFO  rv_emu::cpu] Block execution: 0x80002558 to 0x80002574 myproc
[2026-01-18T09:33:55Z INFO  rv_emu::cpu] Block execution: 0x800010ec to 0x800010fc pop_off
[2026-01-18T09:33:55Z INFO  rv_emu::cpu] Block execution: 0x80002508 to 0x8000253c mycpu
[2026-01-18T09:33:55Z INFO  rv_emu::cpu] Block execution: 0x80001100 to 0x80001108 pop_off
[2026-01-18T09:33:55Z INFO  rv_emu::cpu] Block execution: 0x8000110c to 0x80001110 pop_off
[2026-01-18T09:33:55Z INFO  rv_emu::cpu] Block execution: 0x80001114 to 0x8000111c pop_off
[2026-01-18T09:33:55Z INFO  rv_emu::cpu] Block execution: 0x80001120 to 0x80001124 pop_off
[2026-01-18T09:33:55Z INFO  rv_emu::cpu] Block execution: 0x80001128 to 0x80001140 pop_off
[2026-01-18T09:33:55Z INFO  rv_emu::cpu] Block execution: 0x80002578 to 0x8000258c myproc
[2026-01-18T09:33:55Z INFO  rv_emu::cpu] Block execution: 0x8000358c to 0x8000363c usertrapret
[2026-01-18T09:33:55Z INFO  rv_emu::cpu] Block execution: 0x3ffffff0b0 to 0x3ffffff144 userret
[2026-01-18T09:33:55Z INFO  rv_emu::cpu] Block execution: 0x18 to 0x1c UNKNOWN
[2026-01-18T09:33:55Z INFO  rv_emu::cpu] Block execution: 0x3ffffff000 to 0x3ffffff0ac userret
[2026-01-18T09:33:55Z INFO  rv_emu::cpu] Block execution: 0x8000377c to 0x8000379c usertrap
[2026-01-18T09:33:55Z INFO  rv_emu::cpu] Block execution: 0x800037a0 to 0x800037ac usertrap
[2026-01-18T09:33:55Z INFO  rv_emu::cpu] Block execution: 0x80002540 to 0x80002554 myproc
[2026-01-18T09:33:55Z INFO  rv_emu::cpu] Block execution: 0x8000101c to 0x80001040 push_off
[2026-01-18T09:33:55Z INFO  rv_emu::cpu] Block execution: 0x80002508 to 0x8000253c mycpu
[2026-01-18T09:33:55Z INFO  rv_emu::cpu] Block execution: 0x80001044 to 0x80001048 push_off
[2026-01-18T09:33:55Z INFO  rv_emu::cpu] Block execution: 0x80001070 to 0x80001070 push_off
[2026-01-18T09:33:55Z INFO  rv_emu::cpu] Block execution: 0x80002508 to 0x8000253c mycpu
[2026-01-18T09:33:55Z INFO  rv_emu::cpu] Block execution: 0x80001074 to 0x80001080 push_off
[2026-01-18T09:33:55Z INFO  rv_emu::cpu] Block execution: 0x8000104c to 0x8000104c push_off
[2026-01-18T09:33:55Z INFO  rv_emu::cpu] Block execution: 0x80002508 to 0x8000253c mycpu
[2026-01-18T09:33:55Z INFO  rv_emu::cpu] Block execution: 0x80001050 to 0x8000106c push_off
[2026-01-18T09:33:55Z INFO  rv_emu::cpu] Block execution: 0x80002558 to 0x80002574 myproc
[2026-01-18T09:33:55Z INFO  rv_emu::cpu] Block execution: 0x800010ec to 0x800010fc pop_off
[2026-01-18T09:33:55Z INFO  rv_emu::cpu] Block execution: 0x80002508 to 0x8000253c mycpu
[2026-01-18T09:33:55Z INFO  rv_emu::cpu] Block execution: 0x80001100 to 0x80001108 pop_off
[2026-01-18T09:33:55Z INFO  rv_emu::cpu] Block execution: 0x8000110c to 0x80001110 pop_off
[2026-01-18T09:33:55Z INFO  rv_emu::cpu] Block execution: 0x80001114 to 0x8000111c pop_off
[2026-01-18T09:33:55Z INFO  rv_emu::cpu] Block execution: 0x80001120 to 0x80001124 pop_off
[2026-01-18T09:33:55Z INFO  rv_emu::cpu] Block execution: 0x80001134 to 0x80001140 pop_off
[2026-01-18T09:33:55Z INFO  rv_emu::cpu] Block execution: 0x80002578 to 0x8000258c myproc
[2026-01-18T09:33:55Z INFO  rv_emu::cpu] Block execution: 0x800037b0 to 0x800037c8 usertrap
[2026-01-18T09:33:55Z INFO  rv_emu::cpu] Block execution: 0x800037f4 to 0x800037f4 usertrap
[2026-01-18T09:33:55Z INFO  rv_emu::cpu] Block execution: 0x80003114 to 0x80003130 killed
[2026-01-18T09:33:55Z INFO  rv_emu::cpu] Block execution: 0x80001084 to 0x8000109c acquire
[2026-01-18T09:33:55Z INFO  rv_emu::cpu] Block execution: 0x8000101c to 0x80001040 push_off
[2026-01-18T09:33:55Z INFO  rv_emu::cpu] Block execution: 0x80002508 to 0x8000253c mycpu
[2026-01-18T09:33:55Z INFO  rv_emu::cpu] Block execution: 0x80001044 to 0x80001048 push_off
[2026-01-18T09:33:55Z INFO  rv_emu::cpu] Block execution: 0x80001070 to 0x80001070 push_off
[2026-01-18T09:33:55Z INFO  rv_emu::cpu] Block execution: 0x80002508 to 0x8000253c mycpu
[2026-01-18T09:33:55Z INFO  rv_emu::cpu] Block execution: 0x80001074 to 0x80001080 push_off
[2026-01-18T09:33:55Z INFO  rv_emu::cpu] Block execution: 0x8000104c to 0x8000104c push_off
[2026-01-18T09:33:55Z INFO  rv_emu::cpu] Block execution: 0x80002508 to 0x8000253c mycpu
[2026-01-18T09:33:55Z INFO  rv_emu::cpu] Block execution: 0x80001050 to 0x8000106c push_off
[2026-01-18T09:33:55Z INFO  rv_emu::cpu] Block execution: 0x800010a0 to 0x800010a4 acquire
[2026-01-18T09:33:55Z INFO  rv_emu::cpu] Block execution: 0x80000fd4 to 0x80000fd8 holding
[2026-01-18T09:33:55Z INFO  rv_emu::cpu] Block execution: 0x80000fdc to 0x80000fe0 holding
[2026-01-18T09:33:55Z INFO  rv_emu::cpu] Block execution: 0x800010a8 to 0x800010ac acquire
[2026-01-18T09:33:55Z INFO  rv_emu::cpu] Block execution: 0x800010b0 to 0x800010bc acquire
[2026-01-18T09:33:55Z INFO  rv_emu::cpu] Block execution: 0x800010c0 to 0x800010c4 acquire
[2026-01-18T09:33:55Z INFO  rv_emu::cpu] Block execution: 0x80002508 to 0x8000253c mycpu
[2026-01-18T09:33:55Z INFO  rv_emu::cpu] Block execution: 0x800010c8 to 0x800010dc acquire
[2026-01-18T09:33:55Z INFO  rv_emu::cpu] Block execution: 0x80003134 to 0x8000313c killed
[2026-01-18T09:33:55Z INFO  rv_emu::cpu] Block execution: 0x8000115c to 0x80001174 release
[2026-01-18T09:33:55Z INFO  rv_emu::cpu] Block execution: 0x80000fd4 to 0x80000fd8 holding
[2026-01-18T09:33:55Z INFO  rv_emu::cpu] Block execution: 0x80000fe4 to 0x80000ffc holding
[2026-01-18T09:33:55Z INFO  rv_emu::cpu] Block execution: 0x80002508 to 0x8000253c mycpu
[2026-01-18T09:33:55Z INFO  rv_emu::cpu] Block execution: 0x80001000 to 0x80001018 holding
[2026-01-18T09:33:55Z INFO  rv_emu::cpu] Block execution: 0x80001178 to 0x80001178 release
[2026-01-18T09:33:55Z INFO  rv_emu::cpu] Block execution: 0x8000117c to 0x8000118c release
[2026-01-18T09:33:55Z INFO  rv_emu::cpu] Block execution: 0x800010ec to 0x800010fc pop_off
[2026-01-18T09:33:55Z INFO  rv_emu::cpu] Block execution: 0x80002508 to 0x8000253c mycpu
[2026-01-18T09:33:55Z INFO  rv_emu::cpu] Block execution: 0x80001100 to 0x80001108 pop_off
[2026-01-18T09:33:55Z INFO  rv_emu::cpu] Block execution: 0x8000110c to 0x80001110 pop_off
[2026-01-18T09:33:55Z INFO  rv_emu::cpu] Block execution: 0x80001114 to 0x8000111c pop_off
[2026-01-18T09:33:55Z INFO  rv_emu::cpu] Block execution: 0x80001120 to 0x80001124 pop_off
[2026-01-18T09:33:55Z INFO  rv_emu::cpu] Block execution: 0x80001134 to 0x80001140 pop_off
[2026-01-18T09:33:55Z INFO  rv_emu::cpu] Block execution: 0x80001190 to 0x800011a0 release
[2026-01-18T09:33:55Z INFO  rv_emu::cpu] Block execution: 0x80003140 to 0x80003158 killed
[2026-01-18T09:33:55Z INFO  rv_emu::cpu] Block execution: 0x800037f8 to 0x800037f8 usertrap
[2026-01-18T09:33:55Z INFO  rv_emu::cpu] Block execution: 0x800037fc to 0x80003818 usertrap
[2026-01-18T09:33:55Z INFO  rv_emu::cpu] Block execution: 0x80003b98 to 0x80003bb0 syscall
[2026-01-18T09:33:55Z INFO  rv_emu::cpu] Block execution: 0x80002540 to 0x80002554 myproc
[2026-01-18T09:33:55Z INFO  rv_emu::cpu] Block execution: 0x8000101c to 0x80001040 push_off
[2026-01-18T09:33:55Z INFO  rv_emu::cpu] Block execution: 0x80002508 to 0x8000253c mycpu
[2026-01-18T09:33:55Z INFO  rv_emu::cpu] Block execution: 0x80001044 to 0x80001048 push_off
[2026-01-18T09:33:55Z INFO  rv_emu::cpu] Block execution: 0x80001070 to 0x80001070 push_off
[2026-01-18T09:33:55Z INFO  rv_emu::cpu] Block execution: 0x80002508 to 0x8000253c mycpu
[2026-01-18T09:33:55Z INFO  rv_emu::cpu] Block execution: 0x80001074 to 0x80001080 push_off
[2026-01-18T09:33:55Z INFO  rv_emu::cpu] Block execution: 0x8000104c to 0x8000104c push_off
[2026-01-18T09:33:55Z INFO  rv_emu::cpu] Block execution: 0x80002508 to 0x8000253c mycpu
[2026-01-18T09:33:55Z INFO  rv_emu::cpu] Block execution: 0x80001050 to 0x8000106c push_off
[2026-01-18T09:33:55Z INFO  rv_emu::cpu] Block execution: 0x80002558 to 0x80002574 myproc
[2026-01-18T09:33:55Z INFO  rv_emu::cpu] Block execution: 0x800010ec to 0x800010fc pop_off
[2026-01-18T09:33:55Z INFO  rv_emu::cpu] Block execution: 0x80002508 to 0x8000253c mycpu
[2026-01-18T09:33:55Z INFO  rv_emu::cpu] Block execution: 0x80001100 to 0x80001108 pop_off
[2026-01-18T09:33:55Z INFO  rv_emu::cpu] Block execution: 0x8000110c to 0x80001110 pop_off
[2026-01-18T09:33:55Z INFO  rv_emu::cpu] Block execution: 0x80001114 to 0x8000111c pop_off
[2026-01-18T09:33:55Z INFO  rv_emu::cpu] Block execution: 0x80001120 to 0x80001124 pop_off
[2026-01-18T09:33:55Z INFO  rv_emu::cpu] Block execution: 0x80001128 to 0x80001140 pop_off
[2026-01-18T09:33:55Z INFO  rv_emu::cpu] Block execution: 0x80002578 to 0x8000258c myproc
[2026-01-18T09:33:55Z INFO  rv_emu::cpu] Block execution: 0x80003bb4 to 0x80003bcc syscall
[2026-01-18T09:33:55Z INFO  rv_emu::cpu] Block execution: 0x80003bd0 to 0x80003be4 syscall
[2026-01-18T09:33:55Z INFO  rv_emu::cpu] Block execution: 0x80003be8 to 0x80003be8 syscall
[2026-01-18T09:33:55Z INFO  rv_emu::cpu] Block execution: 0x80003c2c to 0x80003c44 sys_exit
[2026-01-18T09:33:55Z INFO  rv_emu::cpu] Block execution: 0x80003ae8 to 0x80003b00 argint
[2026-01-18T09:33:55Z INFO  rv_emu::cpu] Block execution: 0x8000395c to 0x80003974 argraw
[2026-01-18T09:33:55Z INFO  rv_emu::cpu] Block execution: 0x80002540 to 0x80002554 myproc
[2026-01-18T09:33:55Z INFO  rv_emu::cpu] Block execution: 0x8000101c to 0x80001040 push_off
[2026-01-18T09:33:55Z INFO  rv_emu::cpu] Block execution: 0x80002508 to 0x8000253c mycpu
[2026-01-18T09:33:55Z INFO  rv_emu::cpu] Block execution: 0x80001044 to 0x80001048 push_off
[2026-01-18T09:33:55Z INFO  rv_emu::cpu] Block execution: 0x80001070 to 0x80001070 push_off
[2026-01-18T09:33:55Z INFO  rv_emu::cpu] Block execution: 0x80002508 to 0x8000253c mycpu
[2026-01-18T09:33:55Z INFO  rv_emu::cpu] Block execution: 0x80001074 to 0x80001080 push_off
[2026-01-18T09:33:55Z INFO  rv_emu::cpu] Block execution: 0x8000104c to 0x8000104c push_off
[2026-01-18T09:33:55Z INFO  rv_emu::cpu] Block execution: 0x80002508 to 0x8000253c mycpu
[2026-01-18T09:33:55Z INFO  rv_emu::cpu] Block execution: 0x80001050 to 0x8000106c push_off
[2026-01-18T09:33:55Z INFO  rv_emu::cpu] Block execution: 0x80002558 to 0x80002574 myproc
[2026-01-18T09:33:55Z INFO  rv_emu::cpu] Block execution: 0x800010ec to 0x800010fc pop_off
[2026-01-18T09:33:55Z INFO  rv_emu::cpu] Block execution: 0x80002508 to 0x8000253c mycpu
[2026-01-18T09:33:55Z INFO  rv_emu::cpu] Block execution: 0x80001100 to 0x80001108 pop_off
[2026-01-18T09:33:55Z INFO  rv_emu::cpu] Block execution: 0x8000110c to 0x80001110 pop_off
[2026-01-18T09:33:55Z INFO  rv_emu::cpu] Block execution: 0x80001114 to 0x8000111c pop_off
[2026-01-18T09:33:55Z INFO  rv_emu::cpu] Block execution: 0x80001120 to 0x80001124 pop_off
[2026-01-18T09:33:55Z INFO  rv_emu::cpu] Block execution: 0x80001128 to 0x80001140 pop_off
[2026-01-18T09:33:55Z INFO  rv_emu::cpu] Block execution: 0x80002578 to 0x8000258c myproc
[2026-01-18T09:33:55Z INFO  rv_emu::cpu] Block execution: 0x80003978 to 0x8000397c argraw
[2026-01-18T09:33:55Z INFO  rv_emu::cpu] Block execution: 0x80003980 to 0x80003998 argraw
[2026-01-18T09:33:55Z INFO  rv_emu::cpu] Block execution: 0x8000399c to 0x800039b4 argraw
[2026-01-18T09:33:55Z INFO  rv_emu::cpu] Block execution: 0x80003b04 to 0x80003b18 argint
[2026-01-18T09:33:55Z INFO  rv_emu::cpu] Block execution: 0x80003c48 to 0x80003c4c sys_exit
[2026-01-18T09:33:55Z INFO  rv_emu::cpu] Block execution: 0x80002f6c to 0x80002f90 exit
[2026-01-18T09:33:55Z INFO  rv_emu::cpu] Block execution: 0x80002540 to 0x80002554 myproc
[2026-01-18T09:33:55Z INFO  rv_emu::cpu] Block execution: 0x8000101c to 0x80001040 push_off
[2026-01-18T09:33:55Z INFO  rv_emu::cpu] Block execution: 0x80002508 to 0x8000253c mycpu
[2026-01-18T09:33:55Z INFO  rv_emu::cpu] Block execution: 0x80001044 to 0x80001048 push_off
[2026-01-18T09:33:55Z INFO  rv_emu::cpu] Block execution: 0x80001070 to 0x80001070 push_off
[2026-01-18T09:33:55Z INFO  rv_emu::cpu] Block execution: 0x80002508 to 0x8000253c mycpu
[2026-01-18T09:33:55Z INFO  rv_emu::cpu] Block execution: 0x80001074 to 0x80001080 push_off
[2026-01-18T09:33:55Z INFO  rv_emu::cpu] Block execution: 0x8000104c to 0x8000104c push_off
[2026-01-18T09:33:55Z INFO  rv_emu::cpu] Block execution: 0x80002508 to 0x8000253c mycpu
[2026-01-18T09:33:55Z INFO  rv_emu::cpu] Block execution: 0x80001050 to 0x8000106c push_off
[2026-01-18T09:33:55Z INFO  rv_emu::cpu] Block execution: 0x80002558 to 0x80002574 myproc
[2026-01-18T09:33:55Z INFO  rv_emu::cpu] Block execution: 0x800010ec to 0x800010fc pop_off
[2026-01-18T09:33:55Z INFO  rv_emu::cpu] Block execution: 0x80002508 to 0x8000253c mycpu
[2026-01-18T09:33:55Z INFO  rv_emu::cpu] Block execution: 0x80001100 to 0x80001108 pop_off
[2026-01-18T09:33:55Z INFO  rv_emu::cpu] Block execution: 0x8000110c to 0x80001110 pop_off
[2026-01-18T09:33:55Z INFO  rv_emu::cpu] Block execution: 0x80001114 to 0x8000111c pop_off
[2026-01-18T09:33:55Z INFO  rv_emu::cpu] Block execution: 0x80001120 to 0x80001124 pop_off
[2026-01-18T09:33:55Z INFO  rv_emu::cpu] Block execution: 0x80001128 to 0x80001140 pop_off
[2026-01-18T09:33:55Z INFO  rv_emu::cpu] Block execution: 0x80002578 to 0x8000258c myproc
[2026-01-18T09:33:55Z INFO  rv_emu::cpu] Block execution: 0x80002f94 to 0x80002fa8 exit
[2026-01-18T09:33:55Z INFO  rv_emu::cpu] Block execution: 0x80002fac to 0x80002fb4 exit
[2026-01-18T09:33:55Z INFO  rv_emu::cpu] Block execution: 0x80000a38 to 0x80000a60 panic
[2026-01-18T09:33:55Z INFO  rv_emu::cpu] Block execution: 0x8000068c to 0x800006cc printf
[2026-01-18T09:33:55Z INFO  rv_emu::cpu] Block execution: 0x800006d0 to 0x800006dc printf
[2026-01-18T09:33:55Z INFO  rv_emu::cpu] Block execution: 0x800006e0 to 0x80000720 printf
[2026-01-18T09:33:55Z INFO  rv_emu::cpu] Block execution: 0x80000760 to 0x80000760 printf
[2026-01-18T09:33:55Z INFO  rv_emu::cpu] Block execution: 0x80000744 to 0x80000744 printf
